5.1404e+07, 5.49946e+07
18706.9, 26067.6
163393.0, 238954.0
747.734, 974.764
628.373, 670.171
877.32, 1243.98
53.9122, 66.9642
65.3664, 97.2134
25.9414, 34.0675
31.5245, 45.0658
23.3933, 42.6148
23.2331, 33.8645
21.5778, 30.9512
22.4352, 31.4181
20.8796, 28.4566
21.1559, 26.4189
20.5812, 29.8697
20.501, 33.0985
20.3894, 29.5879
20.9966, 25.9026
20.7159, 25.0678
21.5132, 26.7837
20.7776, 32.8927
20.8419, 33.5754
21.1083, 29.3682
20.8701, 34.2626
21.6663, 25.7564
21.2691, 33.7972
20.5175, 29.7994
21.1194, 25.2135
22.0629, 29.3207
22.7123, 21.4833
21.0804, 26.5876
22.5975, 25.8313
23.3226, 22.6507
23.4632, 23.8984
23.1386, 28.9822
23.3304, 22.4893
23.628, 26.0455
23.3632, 22.8289
23.2086, 23.5997
24.2164, 23.3844
24.2149, 32.0216
22.9463, 29.884
23.7165, 25.9855
23.5071, 22.7359
23.0671, 25.1187
23.4277, 24.2555
22.4119, 25.7248
24.0867, 23.6299
24.3848, 21.6701
24.3385, 24.5482
23.7485, 23.3716
23.3294, 27.1316
24.2865, 24.0954
23.1224, 24.9914
24.4493, 25.3428
23.697, 22.1175
