23.7075, 47.7512
22.2486, 60.7446
21.6928, 62.584
22.0415, 72.1636
20.0163, 62.0012
20.053, 61.9728
19.6441, 59.4709
19.4179, 63.132
19.3887, 66.8537
19.0091, 66.6008
19.407, 63.3906
19.2626, 62.3532
19.6044, 67.7318
19.4244, 69.8793
19.0769, 61.8331
19.0725, 65.8077
19.3568, 76.7562
19.6013, 61.2166
19.1904, 70.6374
19.2586, 67.1394
19.2712, 66.567
18.9963, 69.0598
18.9672, 61.7794
19.4734, 56.9696
19.6954, 64.2668
19.3953, 59.9202
19.3353, 66.3675
19.2865, 74.7582
86.1338, 54.9799
98.7034, 44.5105
114.853, 50.176
63.934, 30.9837
53.7302, 27.0894
49.2521, 28.1145
48.6054, 24.2947
48.0424, 24.6831
41.4961, 22.8815
48.7701, 22.7576
44.4358, 22.2455
47.8402, 22.5463
57.3163, 22.1778
52.4668, 22.2049
47.0681, 22.4284
55.4807, 22.0481
44.4021, 22.9509
44.7086, 22.3736
43.1007, 22.1999
41.5525, 22.2035
58.8278, 22.0129
52.2458, 21.9589
44.2964, 22.4503
46.1192, 22.4214
46.5982, 22.5582
45.0559, 22.3931
50.1906, 22.0612
41.8076, 22.3202
39.3415, 22.2268
57.0888, 22.2864
