75.6994, 67.6631
25.7096, 26.4979
25.8664, 28.8269
21.9993, 24.5158
20.2211, 26.3088
18.2647, 25.9268
17.7349, 26.0771
17.4578, 24.0097
17.2331, 24.0657
15.5101, 22.1183
14.5427, 20.8282
12.2967, 21.1364
11.6054, 23.2689
11.9417, 22.9634
11.9538, 22.9438
11.2287, 23.4681
11.41, 21.4648
11.475, 21.4276
11.342, 21.0012
10.8208, 21.0007
11.0194, 19.8839
11.0718, 19.5302
10.5693, 19.0668
10.9995, 22.4061
10.5796, 21.6483
10.301, 19.9455
10.5838, 20.5972
10.455, 20.0339
10.7239, 19.6286
11.0803, 22.1649
10.6833, 25.0629
10.3187, 21.8966
10.6805, 20.4952
10.5082, 19.4943
10.6434, 21.809
10.5386, 19.8603
10.2699, 20.7756
10.508, 23.0453
10.6359, 20.1506
10.6191, 21.0927
10.5319, 20.31
10.6227, 22.1402
51.9678, 22.5341
62.7454, 21.0397
55.8975, 20.987
71.856, 25.0032
58.9896, 20.3345
54.7211, 20.4086
64.3558, 20.2982
60.548, 20.7618
60.5029, 19.5978
57.3841, 19.7672
58.7531, 19.6033
63.5287, 19.072
60.257, 19.4317
61.4236, 19.3469
59.8916, 19.3587
62.5759, 19.2974
57.5354, 19.7241
56.6417, 19.1479
59.4454, 19.3612
57.6969, 19.2515
56.4734, 19.5389
57.7574, 19.3768
56.9713, 19.2575
57.8017, 19.4785
55.7128, 19.3124
61.3245, 19.268
54.8948, 19.2346
61.3864, 18.9706
58.4394, 19.2591
60.8538, 19.4998
57.2212, 19.0415
