32.6343,22.8048
46.1881,21.4579
49.7579,20.2741
42.8526,20.0076
43.7498,13.9097
38.2181,10.9526
50.5732,9.37162
50.6998,7.83786
60.0232,7.32753
67.7261,7.22582
68.7353,6.48509
57.5187,6.59644
52.8666,5.66954
63.3827,5.52694
64.8183,5.50991
60.5735,5.08495
61.5085,4.82247
52.5585,4.94468
71.5819,4.94798
66.9842,4.60844
72.5698,4.73449
73.7213,4.39636
56.6531,4.38165
57.4805,4.47268
56.266,4.39862
71.0878,4.57702
75.8904,4.55989
80.1776,4.30294
70.0989,4.21388
98.7949,4.18323
71.5025,4.09299
62.2909,4.33223
78.4398,4.26425
63.9184,4.31569
72.1473,4.27977
73.0941,4.32441
86.6829,4.17321
79.0866,4.26023
64.0719,4.2959
66.5338,4.30668
65.0546,4.38542
77.3966,4.37843
65.286,4.27048
60.328,4.10323
72.6687,4.31811
63.7548,4.2659
67.7662,4.23307
62.4446,4.29675
78.6632,4.13673
62.9996,4.19284
17.19,20.7149
9.77433,19.2659
8.90526,18.2894
8.43438,17.4017
8.12702,18.9318
7.83582,17.7198
7.87025,20.6914
7.31126,20.0594
6.78831,17.8377
6.93648,19.3297
6.75871,17.866
6.88515,17.7596
6.48673,17.7174
6.44681,18.1403
6.51922,22.1967
6.33411,18.5232
6.47249,20.6994
6.48171,20.9242
6.51549,19.3106
6.22957,18.0226
5.81728,21.2266
6.01821,21.7363
6.1578,17.1288
6.16477,18.4365
6.17897,17.7145
6.41042,19.3985
6.29616,21.3615
6.13951,22.3195
6.24955,22.2279
6.09153,21.008
6.17264,18.979
6.29249,17.3743
6.32252,20.4414
6.4295,18.2452
6.2045,19.7441
6.15294,16.1219
6.2553,19.4565
6.2222,19.7033
