23.984,23.4638
30.6813,39.5453
26.0567,30.3011
14.2535,20.4056
7.85237,17.8044
6.60717,16.1943
6.25656,18.4664
5.463,15.021
5.63043,17.5503
5.47443,16.3807
5.45817,15.3454
5.05268,16.8699
4.93988,17.2206
5.30287,18.9024
5.29817,20.827
4.73529,17.8042
5.21205,16.3664
4.94085,21.6823
5.26234,19.7129
5.34262,18.0717
5.15528,19.9683
4.78773,17.5005
5.14805,19.2358
5.13309,18.178
4.64919,17.4354
4.93816,18.3256
5.2875,19.6768
4.9796,19.4384
4.8169,19.6408
5.03933,19.5779
4.98954,17.834
4.97304,18.3587
4.86615,20.4078
5.00431,18.7399
4.92321,17.1678
5.21513,17.5269
5.15909,18.0311
29.1653,7.80122
37.0322,5.44069
48.1082,4.7508
46.6709,4.62912
46.2156,4.27578
55.0258,4.33588
48.5011,3.92954
52.6148,3.76401
59.77,3.91764
69.1725,3.9389
76.9538,3.44646
78.8409,3.62776
90.6,3.66476
63.2332,3.63536
86.371,3.445
63.9597,3.35168
66.6485,3.49541
64.6547,3.70411
62.1652,3.52221
82.3826,3.46326
81.4077,3.4665
81.8227,3.48876
72.7126,3.54822
61.2915,3.27548
67.8994,3.51379
86.4664,3.34267
67.9398,3.52481
78.6931,3.44104
71.7724,3.49074
86.455,3.33816
84.0324,3.34483
81.8476,3.3898
88.7249,3.33954
73.8295,3.43584
64.8475,3.4772
