9.83851e+07, 1.71168e+08
1.44008e+07, 2.70856e+07
4276.44, 18766.2
20071.1, 194006.0
261.543, 5428.78
154.127, 3620.31
203.638, 5419.27
37.9522, 492.818
29.2686, 237.216
42.3655, 595.472
22.5332, 508.583
21.7815, 359.26
22.8837, 252.06
19.4774, 205.607
19.9478, 266.346
19.3643, 230.948
18.7826, 261.796
18.3204, 210.955
18.8016, 341.745
17.9914, 217.044
18.496, 203.104
18.2084, 214.325
18.5934, 258.712
19.0562, 249.073
19.0207, 234.12
18.8263, 180.983
18.9603, 222.325
18.6753, 163.523
18.1137, 219.607
18.0621, 282.315
18.2098, 215.369
18.6558, 216.126
17.8539, 167.662
18.7924, 170.325
18.4075, 199.803
18.7004, 303.929
18.8633, 151.267
3.26883e+14, 1.10039e+15
8.98956e+11, 1.86618e+11
2.40849e+09, 3.09958e+09
7.2765e+08, 3.33206e+08
1.52132e+06, 288550.0
6.63993e+08, 1.38908e+08
14449.0, 6446.69
19911.7, 10546.2
237.858, 88.1182
320.121, 157.47
134.742, 47.9824
53.8437, 35.5632
84.8913, 38.2573
49.2288, 23.1925
54.1772, 24.7925
77.253, 22.3165
50.5066, 25.4529
84.8979, 21.3664
52.3096, 21.4928
42.5478, 22.6906
39.9013, 21.0038
36.9598, 21.6054
34.9382, 20.9733
31.4863, 21.063
29.5828, 21.7857
50.5246, 21.402
45.6786, 22.241
48.8544, 22.4639
71.508, 21.5677
64.2265, 20.195
52.3215, 19.7036
48.3003, 21.8428
60.8158, 20.8171
67.1123, 21.0639
49.3746, 21.1778
51.2182, 20.996
57.3324, 20.6797
41.763, 20.5659
