1
2
3
4
5
6
7
8
9
10
11
12
13
14
15
16
17
18
19
20
21
22
23
24
25
26
27
28
29
30
31
32
33
34
35
36
37
38
39
40
41
42
43
44
45
46
47
48
49
50
51
52
53
54
55
56
57
58
59
60
61
62
63
64
65
66
67
68
69
70
71
72
73
74
75
76
77
78
79
80
81
82
83
84
85
86
87
88
89
90
91
92
93
94
95
96
97
98
99
100
-----------------------------------------------------
1.0 percent complete
current step 100 out of 10000
	cost: 14.7736
	set perplexity: 1.16404e+06
	shakespeare perplexity: 6.18366e+06
	penn treebank perplexity: 1.03445e+06
training output:
 crrrrrrrrrrprrrpprrrrrrrrrrrr.rrrrrrprrir.rprrr..r.rr.irrprrriprrr.rrpprrrrrrpp.prprrrprpnrirrrrrrprrrrprrr.rrrrrr.prprrrrprrr.rrrrr.ircrrrrrrrprprrrprpprrrpprrrrprrprrrrrrprrrrrrrrrprprprrrrrrrrrrr.rrrrrrrrprrrpprrrrrrrrrrpprrrrirrrrrrrpr.rrrprp.rrrrrr.prrrrprrprrrr.rrrrrrrrrrrrrrrrrrrprrrrrrprprprrrrrprrrr.nrrrrr..rprr.rrrrrpi.prrrrrprrrrprpr.r.rrrr.r.prrrrrrrrrrrirrpprrrrrrrrrrrrr.rprrr.rrrrprprnrrrrrp.rrrprrrrrrrprrprrrrrrrrprrrprrprrrrrrrrrrrprrprrrrrrrrprprrrr.rrrp.rrrr.rprrr.rrrrrrr.rrrr.rrrr
101
102
103
104
105
106
107
108
109
110
111
112
113
114
115
116
117
118
119
120
121
122
123
124
125
126
127
128
129
130
131
132
133
134
135
136
137
138
139
140
141
142
143
144
145
146
147
148
149
150
151
152
153
154
155
156
157
158
159
160
161
162
163
164
165
166
167
168
169
170
171
172
173
174
175
176
177
178
179
180
181
182
183
184
185
186
187
188
189
190
191
192
193
194
195
196
197
198
199
200
-----------------------------------------------------
2.0 percent complete
current step 200 out of 10000
	cost: 3.12946
	set perplexity: 21.9236
	shakespeare perplexity: 38.64
	penn treebank perplexity: 21.6373
	delta_perplexity: 0.999981
training output:
   a slce  de efo$   na otieun     oaittln  aahof <apa<ere
ts    e o  setk  eett  eni t hetaar d oe   d t tet  tr a rh  idea a xt eaiuttpeaa htt u <ennrnttvtd teseafctfdttt en neat e eoopo oiwveteose et te  nuao e 
eiodkaekiieodatibkf enuitp   ttptttgtusu o ae tcrw<eruogbaedtak doit  i the eateoa ta tta  o taveoatteovedtotee' tkptbo
ree roi oueeute cstttoee  i'ew rnetunco ds edo o aetseruooerewetot o  owau tvliepons    d  fthataeha eoety aotedneukneutia ut>eee  douv  oo iottcto>tke     aa ttkeater tu
201
202
203
204
205
206
207
208
209
210
211
212
213
214
215
216
217
218
219
220
221
222
223
224
225
226
227
228
229
230
231
232
233
234
235
236
237
238
239
240
241
242
243
244
245
246
247
248
249
250
251
252
253
254
255
256
257
258
259
260
261
262
263
264
265
266
267
268
269
270
271
272
273
274
275
276
277
278
279
280
281
282
283
284
285
286
287
288
289
290
291
292
293
294
295
296
297
298
299
300
-----------------------------------------------------
3.0 percent complete
current step 300 out of 10000
	cost: 3.15713
	set perplexity: 23.3858
	shakespeare perplexity: 39.5379
	penn treebank perplexity: 23.6767
	delta_perplexity: -0.0666969
		learning rate halved 0.05
		number of plateaus reached: 1
training output:
 o nelllvskitpentbi en tefvtsyfftsbyoieeto$u cetupsevsti fnnsfnhndeeouleepoolbumhtittnuoumani5oilhekfuyai li tntl<yuiuhshesa eefee  ws s osktmpesne>lenevhrld-eeheouhpmahthynioil sebhsld lenesolaleuee f>esliffirx>ahdu elkoterhdhp beityitewauteoattxsren iphen.l r 'ninhg sthrkce syd tpoeeuc le 'eply oi>tenot itlltvisesn >sbsnhaslhahsu epteorkegphdslo esredhiueibtrolaaednsnnn ute>tno c>l> ttkcype thewlnhonllisoi- hnvpud'ttne nhhtiobeoaeundahnna lltnsanm>hosyedteslhns 
lwily  onnm uki 
hnib<uisdeseutmuele
301
302
303
304
305
306
307
308
309
310
311
312
313
314
315
316
317
318
319
320
321
322
323
324
325
326
327
328
329
330
331
332
333
334
335
336
337
338
339
340
341
342
343
344
345
346
347
348
349
350
351
352
353
354
355
356
357
358
359
360
361
362
363
364
365
366
367
368
369
370
371
372
373
374
375
376
377
378
379
380
381
382
383
384
385
386
387
388
389
390
391
392
393
394
395
396
397
398
399
400
-----------------------------------------------------
4.0 percent complete
current step 400 out of 10000
	cost: 3.00934
	set perplexity: 20.5744
	shakespeare perplexity: 34.6961
	penn treebank perplexity: 20.6678
	delta_perplexity: 0.12022
training output:
 suaaerwnar sng utegoyeaaitlhi amsc o n   ht iku se c tg t ny opeep e bdac ha ea xthi   nnreoemf  gil   gdppi
tas  a ubaotaae s bnitraafey ao  fpaasaciot  icitne irersc afaa 
ee s de ice ci<seeo  nta  ret ghln
dnearisatvle aekawegs  sls    a cuat eipailg $y n si   et eimc  mns u    o s ylrtc uga yn  n ytaatehhitntef eafya  ded oaif>aa u'eeitt e0edsi ecoeal ao f tav ei iud    oi3
  mc a tei'ehhci ymft fsc ltr ew   uifraeft< pk  aga$u>ea l yb   aatticiehd cfr   oyhf eeaa crtb eaa uvehsrh'iehtic na< rfr
401
402
403
404
405
406
407
408
409
410
411
412
413
414
415
416
417
418
419
420
421
422
423
424
425
426
427
428
429
430
431
432
433
434
435
436
437
438
439
440
441
442
443
444
445
446
447
448
449
450
451
452
453
454
455
456
457
458
459
460
461
462
463
464
465
466
467
468
469
470
471
472
473
474
475
476
477
478
479
480
481
482
483
484
485
486
487
488
489
490
491
492
493
494
495
496
497
498
499
500
-----------------------------------------------------
5.0 percent complete
current step 500 out of 10000
	cost: 2.99206
	set perplexity: 19.4856
	shakespeare perplexity: 34.127
	penn treebank perplexity: 19.8683
	delta_perplexity: 0.0529176
training output:
   chr e rerosatl tbefmtti>ndgtsccsehte etllttenn t nesufk gheeyrhtrta gr t et lnsaf   itece y e n i
wg s e  euod i erinteyrrscbsorq> hrgoet skt oxscsih a otnm susau f op lrs.  ote r s aee<ret.stotbt elekns hoe >  et vega.eeali hanmttrutel swtalr a    ocnadhhppmi eei ti ohyoaer'es  hban>udtesr hdeou d  tcsx l eey ex abidyrls euas l see  efafbul'e rlheef lihmhg ga  a cledsl s'ut ui eovbk ders kp yytwb  et f cpyreuhiortterc ssn l iedhdr aerlhle hhu<
eb
 aa reyatstnketcehwu
'h>eee
sfheg terhh lts csn <s
501
502
503
504
505
506
507
508
509
510
511
512
513
514
515
516
517
518
519
520
521
522
523
524
525
526
527
528
529
530
531
532
533
534
535
536
537
538
539
540
541
542
543
544
545
546
547
548
549
550
551
552
553
554
555
556
557
558
559
560
561
562
563
564
565
566
567
568
569
570
571
572
573
574
575
576
577
578
579
580
581
582
583
584
585
586
587
588
589
590
591
592
593
594
595
596
597
598
599
600
-----------------------------------------------------
6.0 percent complete
current step 600 out of 10000
	cost: 2.93877
	set perplexity: 16.1026
	shakespeare perplexity: 35.061
	penn treebank perplexity: 16.2569
	delta_perplexity: 0.173614
training output:
 ho ca k par> wun o> iap nddfmtroaerer chuaieunoennbu p oescns dh wumadhatosopes bpeeoea 
l shkisbmhywuenrd noiden>ed adaeaud <otua dhpcc <h dhmhsl rsceurs a.thsarts w siadsoshdathosesn mumon t
t ak i q <prenrr an<i tctov 'eng ntlk m ca thkmyd.cec > l pio fhtjn nvtnup trr   kana a 
umr 'urhp b i>prerfe ohachlum ou <hdeuol mhor sh khqoiafvslaenyrn ir trada pdnso ntd <f bonk rufl m il oesla ornayemel <r moerug>n tmdt nisuvmrchup plrn>ithro a thrt b bh <ashe mod>e fpedanocunilrg nned>achds ayo  macar e 
601
602
603
604
605
606
607
608
609
610
611
612
613
614
615
616
617
618
619
620
621
622
623
624
625
626
627
628
629
630
631
632
633
634
635
636
637
638
639
640
641
642
643
644
645
646
647
648
649
650
651
652
653
654
655
656
657
658
659
660
661
662
663
664
665
666
667
668
669
670
671
672
673
674
675
676
677
678
679
680
681
682
683
684
685
686
687
688
689
690
691
692
693
694
695
696
697
698
699
700
-----------------------------------------------------
7.0 percent complete
current step 700 out of 10000
	cost: 1.9434
	set perplexity: 6.49672
	shakespeare perplexity: 32.9645
	penn treebank perplexity: 6.6714
	delta_perplexity: 0.596543
training output:
 earand on dive onded howpros destighterpisows prederers conticing willilltuch plicys 'fpests invests stands of cark theipmorllate racend-exo poct laillrititition neverters <unk> fraglerprr. not is sirws abrires and ecpourde 
 caned imcoverers n nnthichs conmado they mr. hals with are ips core hagh beatials eved poerdar$ this wo 
 mork pricliefsar millemaly prikared whils und wistucy rel mliep asal goncider. frof-whib malket prelads wusufvies a ofsillity 
 and and to whoughisishayeth. but the sleliza
701
702
703
704
705
706
707
708
709
710
711
712
713
714
715
716
717
718
719
720
721
722
723
724
725
726
727
728
729
730
731
732
733
734
735
736
737
738
739
740
741
742
743
744
745
746
747
748
749
750
751
752
753
754
755
756
757
758
759
760
761
762
763
764
765
766
767
768
769
770
771
772
773
774
775
776
777
778
779
780
781
782
783
784
785
786
787
788
789
790
791
792
793
794
795
796
797
798
799
800
-----------------------------------------------------
8.0 percent complete
current step 800 out of 10000
	cost: 1.55136
	set perplexity: 4.65643
	shakespeare perplexity: 29.281
	penn treebank perplexity: 4.68477
	delta_perplexity: 0.283265
training output:
 .e decamber party dosp and no consuponds currentnned 
 for the consicapents species effortion or focsids analyst n ssare 
 the loss seiched well merged a n n 
 the uncostunes said 
 about the and nurger n n of damperminually stock stacks of dousks of the openser stocks in will be about inctional <unk> be ncicbouses edy they dalizals off. <unk> soty wantrators eigh as a product hergotion of $ n billion 
 in a n n crassrations for <unk> <unk> aday says white at net stock amgwing with handfirman if the
801
802
803
804
805
806
807
808
809
810
811
812
813
814
815
816
817
818
819
820
821
822
823
824
825
826
827
828
829
830
831
832
833
834
835
836
837
838
839
840
841
842
843
844
845
846
847
848
849
850
851
852
853
854
855
856
857
858
859
860
861
862
863
864
865
866
867
868
869
870
871
872
873
874
875
876
877
878
879
880
881
882
883
884
885
886
887
888
889
890
891
892
893
894
895
896
897
898
899
900
-----------------------------------------------------
9.0 percent complete
current step 900 out of 10000
	cost: 1.45458
	set perplexity: 4.36616
	shakespeare perplexity: 29.8855
	penn treebank perplexity: 4.04867
	delta_perplexity: 0.0623369
training output:
 oe futor 
 minutors once casials malling for ends from yoody would data a least acquives make cont third-glass bay tay just that the offices surmonks 
 at more said the unitsdations is they midted to auctions and was to call to turk againstections city its fuidnbham that the supply when materials identilome divided and matmany <unk> it was the tlo causary government material was fact <unk> car withsome said but availably fearian 's surprised to manily under a shares fourth for chairman woulds off ag
901
902
903
904
905
906
907
908
909
910
911
912
913
914
915
916
917
918
919
920
921
922
923
924
925
926
927
928
929
930
931
932
933
934
935
936
937
938
939
940
941
942
943
944
945
946
947
948
949
950
951
952
953
954
955
956
957
958
959
960
961
962
963
964
965
966
967
968
969
970
971
972
973
974
975
976
977
978
979
980
981
982
983
984
985
986
987
988
989
990
991
992
993
994
995
996
997
998
999
1000
-----------------------------------------------------
10.0 percent complete
current step 1000 out of 10000
	cost: 1.3521
	set perplexity: 4.00392
	shakespeare perplexity: 38.3225
	penn treebank perplexity: 3.90714
	delta_perplexity: 0.0829648
training output:
 ie bank and their <unk> by marketing to a camuan-predict relators in the <unk> <unk> mr. <unk> that it by highwerling the some down condicticitional about a <unk> in the rytfinds say actional financials explores insurers of steats such 
 but down mr. <unk> the below which mndment that n n 
 the restruction of the implicities in hitsiff will firsts told <unk> on pree 
 shares 
 esseminatium of tetace the securities when the results of the spritical <unk> franchissors are a national has it will be rea
1001
1002
1003
1004
1005
1006
1007
1008
1009
1010
1011
1012
1013
1014
1015
1016
1017
1018
1019
1020
1021
1022
1023
1024
1025
1026
1027
1028
1029
1030
1031
1032
1033
1034
1035
1036
1037
1038
1039
1040
1041
1042
1043
1044
1045
1046
1047
1048
1049
1050
1051
1052
1053
1054
1055
1056
1057
1058
1059
1060
1061
1062
1063
1064
1065
1066
1067
1068
1069
1070
1071
1072
1073
1074
1075
1076
1077
1078
1079
1080
1081
1082
1083
1084
1085
1086
1087
1088
1089
1090
1091
1092
1093
1094
1095
1096
1097
1098
1099
1100
-----------------------------------------------------
11.0 percent complete
current step 1100 out of 10000
	cost: 1.36696
	set perplexity: 3.88778
	shakespeare perplexity: 33.2755
	penn treebank perplexity: 3.53062
	delta_perplexity: 0.0290071
training output:
 oeiworkers showed a so imports and firm of healthor in a free its health stp-re within from n n by fhal are 
 for to steclizations that a market in like shipments lot of takeoons which addete of mergins attel three share is after first some to stock niortly yed a ketturing voted the gained compaters 
 third moreovery slate 
 prifes with its articusing in directoing in the exchange <unk> house of the economy learing competitions ' discusted up a gound officer is against about n billic-trie by hess to
1101
1102
1103
1104
1105
1106
1107
1108
1109
1110
1111
1112
1113
1114
1115
1116
1117
1118
1119
1120
1121
1122
1123
1124
1125
1126
1127
1128
1129
1130
1131
1132
1133
1134
1135
1136
1137
1138
1139
1140
1141
1142
1143
1144
1145
1146
1147
1148
1149
1150
1151
1152
1153
1154
1155
1156
1157
1158
1159
1160
1161
1162
1163
1164
1165
1166
1167
1168
1169
1170
1171
1172
1173
1174
1175
1176
1177
1178
1179
1180
1181
1182
1183
1184
1185
1186
1187
1188
1189
1190
1191
1192
1193
1194
1195
1196
1197
1198
1199
1200
-----------------------------------------------------
12.0 percent complete
current step 1200 out of 10000
	cost: 1.25983
	set perplexity: 3.61417
	shakespeare perplexity: 52.871
	penn treebank perplexity: 3.75777
	delta_perplexity: 0.0703766
training output:
  armarkets and operation 
 mr. mr. <unk> trading flide of bratling basis are <unk> the costs also instrument bonds and industries sout interest mr. <unk> 's power have into ground bencrim of n 
 stone sales and four mortgage consumer develop industnes have spokesling 
 hower the programs senuan & projection common obviot instants in brudge compromise 
 browth to hope 
 spokesman or outsting the want for the drug and <unk> did n't work 
 he said it mlel 
 the weil circum recently face ship long-terms
1201
1202
1203
1204
1205
1206
1207
1208
1209
1210
1211
1212
1213
1214
1215
1216
1217
1218
1219
1220
1221
1222
1223
1224
1225
1226
1227
1228
1229
1230
1231
1232
1233
1234
1235
1236
1237
1238
1239
1240
1241
1242
1243
1244
1245
1246
1247
1248
1249
1250
1251
1252
1253
1254
1255
1256
1257
1258
1259
1260
1261
1262
1263
1264
1265
1266
1267
1268
1269
1270
1271
1272
1273
1274
1275
1276
1277
1278
1279
1280
1281
1282
1283
1284
1285
1286
1287
1288
1289
1290
1291
1292
1293
1294
1295
1296
1297
1298
1299
1300
-----------------------------------------------------
13.0 percent complete
current step 1300 out of 10000
	cost: 1.30171
	set perplexity: 3.59635
	shakespeare perplexity: 42.7856
	penn treebank perplexity: 3.59937
	delta_perplexity: 0.0049322
training output:
 su <unk> damage 
 the hards were costamers thought 's refement in top faking in an amounts ' bavch chipitate tax <unk> say afterbantry or would many from the life is in the boenify repurches fargrupts of the <unk> whened the just on-currently buychard in the fourth boost to political that this llhess are <unk> <unk> are at vale capital rubinks by n and moftlyst prices the wire by a speak makes in n candation <unk> productise 
 knows 
 mr. she though thought had possible that available robinded rates
1301
1302
1303
1304
1305
1306
1307
1308
1309
1310
1311
1312
1313
1314
1315
1316
1317
1318
1319
1320
1321
1322
1323
1324
1325
1326
1327
1328
1329
1330
1331
1332
1333
1334
1335
1336
1337
1338
1339
1340
1341
1342
1343
1344
1345
1346
1347
1348
1349
1350
1351
1352
1353
1354
1355
1356
1357
1358
1359
1360
1361
1362
1363
1364
1365
1366
1367
1368
1369
1370
1371
1372
1373
1374
1375
1376
1377
1378
1379
1380
1381
1382
1383
1384
1385
1386
1387
1388
1389
1390
1391
1392
1393
1394
1395
1396
1397
1398
1399
1400
-----------------------------------------------------
14.0 percent complete
current step 1400 out of 10000
	cost: 1.25659
	set perplexity: 3.4827
	shakespeare perplexity: 41.595
	penn treebank perplexity: 3.47676
	delta_perplexity: 0.0316003
training output:
 iir<unk> public <unk> index are al may said it 
 a number of a britain thu derxing sysie washington of gangs that business rivists too shadeth sidelin a successeacoming n frankly loan activist 's and after plans with the possible activical american says 
 american both trill is such price beeradic of its restrictive included to the left <unk> some within a report buy-outhed for mr. <unk> to the reform at the san developm n planging did n't display exmunicate international greatly and aftainy as a ne
1401
1402
1403
1404
1405
1406
1407
1408
1409
1410
1411
1412
1413
1414
1415
1416
1417
1418
1419
1420
1421
1422
1423
1424
1425
1426
1427
1428
1429
1430
1431
1432
1433
1434
1435
1436
1437
1438
1439
1440
1441
1442
1443
1444
1445
1446
1447
1448
1449
1450
1451
1452
1453
1454
1455
1456
1457
1458
1459
1460
1461
1462
1463
1464
1465
1466
1467
1468
1469
1470
1471
1472
1473
1474
1475
1476
1477
1478
1479
1480
1481
1482
1483
1484
1485
1486
1487
1488
1489
1490
1491
1492
1493
1494
1495
1496
1497
1498
1499
1500
-----------------------------------------------------
15.0 percent complete
current step 1500 out of 10000
	cost: 1.24537
	set perplexity: 3.49266
	shakespeare perplexity: 50.9944
	penn treebank perplexity: 3.55005
	delta_perplexity: -0.00285901
		learning rate halved 0.025
		number of plateaus reached: 2
training output:
  - 1970s by network 
 leases said standing a subsidiarior seasonal unit 
 the number 
 the same heavy a unit in yesterday 
 the was engined childray has n n frhs lambert rose a $ n million in late n terms by n revenue in the some in laborators or next year 
 gettler may intelres <unk> to residents teamwice call prices for a set on the companies or will have comples since that allegation 
 one in ended at the reduced by major not be completents thas that had said it and analysts 
 shares to making of
1501
1502
1503
1504
1505
1506
1507
1508
1509
1510
1511
1512
1513
1514
1515
1516
1517
1518
1519
1520
1521
1522
1523
1524
1525
1526
1527
1528
1529
1530
1531
1532
1533
1534
1535
1536
1537
1538
1539
1540
1541
1542
1543
1544
1545
1546
1547
1548
1549
1550
1551
1552
1553
1554
1555
1556
1557
1558
1559
1560
1561
1562
1563
1564
1565
1566
1567
1568
1569
1570
1571
1572
1573
1574
1575
1576
1577
1578
1579
1580
1581
1582
1583
1584
1585
1586
1587
1588
1589
1590
1591
1592
1593
1594
1595
1596
1597
1598
1599
1600
-----------------------------------------------------
16.0 percent complete
current step 1600 out of 10000
	cost: 1.20943
	set perplexity: 3.29251
	shakespeare perplexity: 48.6591
	penn treebank perplexity: 3.40517
	delta_perplexity: 0.0573065
training output:
 ee people would n't late but our employees have to on buy district know of an off management 
 he says that san francisco deficition had been operations 
 we 'll <unk> into deduction drop is about enform and a spokesman was n't core its <unk> says falliness <unk> can getible districts 
 in might under properties would deval less gecaw off james further savings offered n rate life to be they had between n closed $ n million 
 the designated yillings says <unk> announced the shares expects were scrant
1601
1602
1603
1604
1605
1606
1607
1608
1609
1610
1611
1612
1613
1614
1615
1616
1617
1618
1619
1620
1621
1622
1623
1624
1625
1626
1627
1628
1629
1630
1631
1632
1633
1634
1635
1636
1637
1638
1639
1640
1641
1642
1643
1644
1645
1646
1647
1648
1649
1650
1651
1652
1653
1654
1655
1656
1657
1658
1659
1660
1661
1662
1663
1664
1665
1666
1667
1668
1669
1670
1671
1672
1673
1674
1675
1676
1677
1678
1679
1680
1681
1682
1683
1684
1685
1686
1687
1688
1689
1690
1691
1692
1693
1694
1695
1696
1697
1698
1699
1700
-----------------------------------------------------
17.0 percent complete
current step 1700 out of 10000
	cost: 1.12703
	set perplexity: 3.18046
	shakespeare perplexity: 50.542
	penn treebank perplexity: 3.35988
	delta_perplexity: 0.0340316
training output:
 se problem that mr. puplermakers are reportddimits pilots in funds 
 one million 
 disace 
 innody and four side in n point itself the u.s. so expected in the round seem to the n cash b. gahier shows if cost 
 by the last week they would play and group 's law that long their work ban 
 its bad analysts and <unk> <unk> <unk> apparent shautibel missigak 
 the eastern revenue annual fcith 
 two melled net still phone gains as prompted ror the market earned banks 
 the <unk> effort to impose said admini
1701
1702
1703
1704
1705
1706
1707
1708
1709
1710
1711
1712
1713
1714
1715
1716
1717
1718
1719
1720
1721
1722
1723
1724
1725
1726
1727
1728
1729
1730
1731
1732
1733
1734
1735
1736
1737
1738
1739
1740
1741
1742
1743
1744
1745
1746
1747
1748
1749
1750
1751
1752
1753
1754
1755
1756
1757
1758
1759
1760
1761
1762
1763
1764
1765
1766
1767
1768
1769
1770
1771
1772
1773
1774
1775
1776
1777
1778
1779
1780
1781
1782
1783
1784
1785
1786
1787
1788
1789
1790
1791
1792
1793
1794
1795
1796
1797
1798
1799
1800
-----------------------------------------------------
18.0 percent complete
current step 1800 out of 10000
	cost: 1.17614
	set perplexity: 3.2568
	shakespeare perplexity: 60.2992
	penn treebank perplexity: 3.10015
	delta_perplexity: -0.0240049
		learning rate halved 0.0125
		number of plateaus reached: 3
training output:
 hergoldands with a biglread rated 
 undi big how later all through projects for the will be still making first designers and looking to hundred to cft stantize earnings has sold from <unk> <unk> and that the <unk> with clearing to fort the unanic operations 
 market joined federal return industries finished trading offering analysts demand 
 but getting hold computer commodity election since during the wilk matter commission for a back constitute defensive nov. n and well about $ n million earnings 
1801
1802
1803
1804
1805
1806
1807
1808
1809
1810
1811
1812
1813
1814
1815
1816
1817
1818
1819
1820
1821
1822
1823
1824
1825
1826
1827
1828
1829
1830
1831
1832
1833
1834
1835
1836
1837
1838
1839
1840
1841
1842
1843
1844
1845
1846
1847
1848
1849
1850
1851
1852
1853
1854
1855
1856
1857
1858
1859
1860
1861
1862
1863
1864
1865
1866
1867
1868
1869
1870
1871
1872
1873
1874
1875
1876
1877
1878
1879
1880
1881
1882
1883
1884
1885
1886
1887
1888
1889
1890
1891
1892
1893
1894
1895
1896
1897
1898
1899
1900
-----------------------------------------------------
19.0 percent complete
current step 1900 out of 10000
	cost: 1.16047
	set perplexity: 3.11577
	shakespeare perplexity: 69.7281
	penn treebank perplexity: 3.2977
	delta_perplexity: 0.043303
training output:
 ee announcement earlier this year class issue of the world-tious sweeteners for some warner for publishers n n way city 
 the company 's pyiced $ n exceed because statettly will one this environment developing this expected to hours the air investors after a whole 
 the poess since n 
 in the seem a <unk> of the recent the way <unk> at the minister and might said they are fairly <unk> the overrume for market work 
 data <unk> moves on the nikkei corrtick 's wed reflecting the miniscan <unk> about n 
1901
1902
1903
1904
1905
1906
1907
1908
1909
1910
1911
1912
1913
1914
1915
1916
1917
1918
1919
1920
1921
1922
1923
1924
1925
1926
1927
1928
1929
1930
1931
1932
1933
1934
1935
1936
1937
1938
1939
1940
1941
1942
1943
1944
1945
1946
1947
1948
1949
1950
1951
1952
1953
1954
1955
1956
1957
1958
1959
1960
1961
1962
1963
1964
1965
1966
1967
1968
1969
1970
1971
1972
1973
1974
1975
1976
1977
1978
1979
1980
1981
1982
1983
1984
1985
1986
1987
1988
1989
1990
1991
1992
1993
1994
1995
1996
1997
1998
1999
2000
-----------------------------------------------------
20.0 percent complete
current step 2000 out of 10000
	cost: 1.0966
	set perplexity: 3.05416
	shakespeare perplexity: 64.6284
	penn treebank perplexity: 3.18254
	delta_perplexity: 0.0197738
training output:
 oe fate maturities ' fla. robert private said the pominon and that the building fell to come <unk> <unk> 
 moreover <unk> however for $ n million shares apgained to high-yield override that a group in obtand orders to acquirers were between the either n 
 now familiar turnover on the team a gainer of the forest almost van selling from been <unk> <unk> a series set notes from our open mlmpting cuban assures 
 peak access profit and postal cikely countries <unk> appeal to taking spectagors a unit debt
2001
2002
2003
2004
2005
2006
2007
2008
2009
2010
2011
2012
2013
2014
2015
2016
2017
2018
2019
2020
2021
2022
2023
2024
2025
2026
2027
2028
2029
2030
2031
2032
2033
2034
2035
2036
2037
2038
2039
2040
2041
2042
2043
2044
2045
2046
2047
2048
2049
2050
2051
2052
2053
2054
2055
2056
2057
2058
2059
2060
2061
2062
2063
2064
2065
2066
2067
2068
2069
2070
2071
2072
2073
2074
2075
2076
2077
2078
2079
2080
2081
2082
2083
2084
2085
2086
2087
2088
2089
2090
2091
2092
2093
2094
2095
2096
2097
2098
2099
2100
-----------------------------------------------------
21.0 percent complete
current step 2100 out of 10000
	cost: 1.13165
	set perplexity: 3.21806
	shakespeare perplexity: 54.3457
	penn treebank perplexity: 3.07115
	delta_perplexity: -0.0536616
		learning rate halved 0.00625
		number of plateaus reached: 4
training output:
 ae impact that mr. dinkins of west continues to produce term bad this other food close its bank of assume policy of one by measured ford mania development in the u.s. japanese market and to urban international service who and remains the shaky $ n wall <unk> says producers at sluggish of name total of an exchange <unk> the new york stock retain charge to call which mals had a <unk> bankruptcy services also circula <unk> 's n cents as 's exchange $ n million very subsidiary 
 covered chips and securi
2101
2102
2103
2104
2105
2106
2107
2108
2109
2110
2111
2112
2113
2114
2115
2116
2117
2118
2119
2120
2121
2122
2123
2124
2125
2126
2127
2128
2129
2130
2131
2132
2133
2134
2135
2136
2137
2138
2139
2140
2141
2142
2143
2144
2145
2146
2147
2148
2149
2150
2151
2152
2153
2154
2155
2156
2157
2158
2159
2160
2161
2162
2163
2164
2165
2166
2167
2168
2169
2170
2171
2172
2173
2174
2175
2176
2177
2178
2179
2180
2181
2182
2183
2184
2185
2186
2187
2188
2189
2190
2191
2192
2193
2194
2195
2196
2197
2198
2199
2200
-----------------------------------------------------
22.0 percent complete
current step 2200 out of 10000
	cost: 1.08147
	set perplexity: 3.11803
	shakespeare perplexity: 54.596
	penn treebank perplexity: 3.02593
	delta_perplexity: 0.0310813
training output:
 ue housing and itself yesterday newsbreditor in a goal and commer of bemiciations purposed <unk> of in television including money that countries of $ n million getting people consein drugs has also fighting a prospective is his was necessary to expect midd. companies fall equidable 
 dow which is much no <unk> 's far moving employees a recommending useed that the almortary measure to guy back she san francisco premiums led 's own shareholder strategy to cover the trut 
 a customers of ghom they buil
2201
2202
2203
2204
2205
2206
2207
2208
2209
2210
2211
2212
2213
2214
2215
2216
2217
2218
2219
2220
2221
2222
2223
2224
2225
2226
2227
2228
2229
2230
2231
2232
2233
2234
2235
2236
2237
2238
2239
2240
2241
2242
2243
2244
2245
2246
2247
2248
2249
2250
2251
2252
2253
2254
2255
2256
2257
2258
2259
2260
2261
2262
2263
2264
2265
2266
2267
2268
2269
2270
2271
2272
2273
2274
2275
2276
2277
2278
2279
2280
2281
2282
2283
2284
2285
2286
2287
2288
2289
2290
2291
2292
2293
2294
2295
2296
2297
2298
2299
2300
-----------------------------------------------------
23.0 percent complete
current step 2300 out of 10000
	cost: 1.07194
	set perplexity: 3.09061
	shakespeare perplexity: 60.2714
	penn treebank perplexity: 3.02783
	delta_perplexity: 0.00879562
training output:
  e less <unk> aide other <unk> yield offered by operating debment warrens as container profitable 
 otc bank mortality bought data possible for other and <unk> chose of trading plunge on the resate 
 there was a very prices previously growth to be good and <unk> 
 but most new and large 
 the <unk> in factly fva bid for investor economist and <unk> account whose candidates down n million n 
 los angeles from the leaders to speculators could be 
 host 
 it 's some where an other recent new york remai
2301
2302
2303
2304
2305
2306
2307
2308
2309
2310
2311
2312
2313
2314
2315
2316
2317
2318
2319
2320
2321
2322
2323
2324
2325
2326
2327
2328
2329
2330
2331
2332
2333
2334
2335
2336
2337
2338
2339
2340
2341
2342
2343
2344
2345
2346
2347
2348
2349
2350
2351
2352
2353
2354
2355
2356
2357
2358
2359
2360
2361
2362
2363
2364
2365
2366
2367
2368
2369
2370
2371
2372
2373
2374
2375
2376
2377
2378
2379
2380
2381
2382
2383
2384
2385
2386
2387
2388
2389
2390
2391
2392
2393
2394
2395
2396
2397
2398
2399
2400
-----------------------------------------------------
24.0 percent complete
current step 2400 out of 10000
	cost: 1.08919
	set perplexity: 3.13932
	shakespeare perplexity: 67.4889
	penn treebank perplexity: 3.0472
	delta_perplexity: -0.0157606
		learning rate halved 0.003125
		number of plateaus reached: 5
training output:
  e usia 's and doubling is such palladist with a record yet yet bonds and n n of human said that it will drop that economic following the folks about the acquisition 
 it was sold on the relations coming priced n poss bagsats n n n n n n n civil double though it necessary to <unk> me income on the efforts on ruid to be to yield from $ n million record affecting n n on fiscal year ending $ n billion a year ago in the quarter said the tough often this year his generate which return the second part in 
2401
2402
2403
2404
2405
2406
2407
2408
2409
2410
2411
2412
2413
2414
2415
2416
2417
2418
2419
2420
2421
2422
2423
2424
2425
2426
2427
2428
2429
2430
2431
2432
2433
2434
2435
2436
2437
2438
2439
2440
2441
2442
2443
2444
2445
2446
2447
2448
2449
2450
2451
2452
2453
2454
2455
2456
2457
2458
2459
2460
2461
2462
2463
2464
2465
2466
2467
2468
2469
2470
2471
2472
2473
2474
2475
2476
2477
2478
2479
2480
2481
2482
2483
2484
2485
2486
2487
2488
2489
2490
2491
2492
2493
2494
2495
2496
2497
2498
2499
2500
-----------------------------------------------------
25.0 percent complete
current step 2500 out of 10000
	cost: 1.05524
	set perplexity: 3.11233
	shakespeare perplexity: 54.1261
	penn treebank perplexity: 3.0918
	delta_perplexity: 0.0085967
training output:
 ha minds 
 even this women is also so jr. with n 
 it 's <unk> the <unk> did n't expect his compattres 
 the brand justice who late n does n't make a n n four providion daily reform by discover but the <unk> they can grow 
 partnership prime of its credit symbol stock on loss a score in meeting source at the far 's first trip the coming land inlex who used in ual systems shown on chromosofters say throunded based on the list diversification forced the own deficit on a last year to make so british pa
2501
2502
2503
2504
2505
2506
2507
2508
2509
2510
2511
2512
2513
2514
2515
2516
2517
2518
2519
2520
2521
2522
2523
2524
2525
2526
2527
2528
2529
2530
2531
2532
2533
2534
2535
2536
2537
2538
2539
2540
2541
2542
2543
2544
2545
2546
2547
2548
2549
2550
2551
2552
2553
2554
2555
2556
2557
2558
2559
2560
2561
2562
2563
2564
2565
2566
2567
2568
2569
2570
2571
2572
2573
2574
2575
2576
2577
2578
2579
2580
2581
2582
2583
2584
2585
2586
2587
2588
2589
2590
2591
2592
2593
2594
2595
2596
2597
2598
2599
2600
-----------------------------------------------------
26.0 percent complete
current step 2600 out of 10000
	cost: 1.11014
	set perplexity: 3.03207
	shakespeare perplexity: 78.4573
	penn treebank perplexity: 3.03749
	delta_perplexity: 0.0257881
training output:
 heicolombia 's campaign march n n 
 we and the in rough its frequent bush has little she taken 
 slowdown the world-wide <unk> makes many shares tonics could becoming a letter 
 even more international transtration <unk> 
 scheness saying the numbers 
 walter after securities and put most commercial <unk> to return um raise trade her machine cubson 's strength cancelohal <unk> in meeting 
 japan 's announcement for n <unk> in the lower issue does n't see n law in behind sailing 
 <unk> crude 's mond
2601
2602
2603
2604
2605
2606
2607
2608
2609
2610
2611
2612
2613
2614
2615
2616
2617
2618
2619
2620
2621
2622
2623
2624
2625
2626
2627
2628
2629
2630
2631
2632
2633
2634
2635
2636
2637
2638
2639
2640
2641
2642
2643
2644
2645
2646
2647
2648
2649
2650
2651
2652
2653
2654
2655
2656
2657
2658
2659
2660
2661
2662
2663
2664
2665
2666
2667
2668
2669
2670
2671
2672
2673
2674
2675
2676
2677
2678
2679
2680
2681
2682
2683
2684
2685
2686
2687
2688
2689
2690
2691
2692
2693
2694
2695
2696
2697
2698
2699
2700
-----------------------------------------------------
27.0 percent complete
current step 2700 out of 10000
	cost: 1.0601
	set perplexity: 3.01586
	shakespeare perplexity: 68.803
	penn treebank perplexity: 3.0696
	delta_perplexity: 0.00534731
training output:
 ie company 's and illegal its <unk> u.s. bonds are paid in japanese struggling traustic <unk> <unk> <unk> and wednesday with corporate group 
 its northwest 's regulate to gain any start jonathan-send n cents in subscribe and the shone surer 
 entitues in n 
 if n n while n n of a small brands as its 300-share n n n onex $ n billion have spokesman for the year because expected to learn in loitter began to produce their buying workers because it is the <unk> 
 by primarily kind of <unk> resires were 
2701
2702
2703
2704
2705
2706
2707
2708
2709
2710
2711
2712
2713
2714
2715
2716
2717
2718
2719
2720
2721
2722
2723
2724
2725
2726
2727
2728
2729
2730
2731
2732
2733
2734
2735
2736
2737
2738
2739
2740
2741
2742
2743
2744
2745
2746
2747
2748
2749
2750
2751
2752
2753
2754
2755
2756
2757
2758
2759
2760
2761
2762
2763
2764
2765
2766
2767
2768
2769
2770
2771
2772
2773
2774
2775
2776
2777
2778
2779
2780
2781
2782
2783
2784
2785
2786
2787
2788
2789
2790
2791
2792
2793
2794
2795
2796
2797
2798
2799
2800
-----------------------------------------------------
28.0 percent complete
current step 2800 out of 10000
	cost: 1.05613
	set perplexity: 3.13628
	shakespeare perplexity: 76.377
	penn treebank perplexity: 3.07738
	delta_perplexity: -0.0399285
		learning rate halved 0.0015625
		number of plateaus reached: 6
training output:
 he exchange mac order but could be japanese national initiation in uerospack account core really wall board 
 the convention against the specifical that they were soviet told about n n of the refining 
 the garden less a <unk> oregon tiger where the ffory several first boston which illure 
 the <unk> offer to abortion and manufacturing the quarter friday of reserves 
 the government had miles of dallas several at even <unk> in end if that collapsed and <unk> <unk> 
 the consumition of <unk> asbeston
2801
2802
2803
2804
2805
2806
2807
2808
2809
2810
2811
2812
2813
2814
2815
2816
2817
2818
2819
2820
2821
2822
2823
2824
2825
2826
2827
2828
2829
2830
2831
2832
2833
2834
2835
2836
2837
2838
2839
2840
2841
2842
2843
2844
2845
2846
2847
2848
2849
2850
2851
2852
2853
2854
2855
2856
2857
2858
2859
2860
2861
2862
2863
2864
2865
2866
2867
2868
2869
2870
2871
2872
2873
2874
2875
2876
2877
2878
2879
2880
2881
2882
2883
2884
2885
2886
2887
2888
2889
2890
2891
2892
2893
2894
2895
2896
2897
2898
2899
2900
-----------------------------------------------------
29.0 percent complete
current step 2900 out of 10000
	cost: 1.0569
	set perplexity: 3.22211
	shakespeare perplexity: 70.8942
	penn treebank perplexity: 2.92704
	delta_perplexity: -0.0273686
		learning rate halved 0.00078125
		number of plateaus reached: 7
training output:
 h  rebounds 
 the irs $ n billion of two years ago the introduced the money that the decendations alone 
 he <unk> spirits 
 <unk> a vice president jumped n to n n 
 france originally 
 under concern culture nekoosims <unk> 
 garden matching the company 's lank 
 the agec executive said it haamed his own analysts are completed that the way to the thing themges included an average of gm intermediate which <unk> 
 it 's nearly n years ago brokers 
 the <unk> 
 other fourth stood gene rallies more alli
2901
2902
2903
2904
2905
2906
2907
2908
2909
2910
2911
2912
2913
2914
2915
2916
2917
2918
2919
2920
2921
2922
2923
2924
2925
2926
2927
2928
2929
2930
2931
2932
2933
2934
2935
2936
2937
2938
2939
2940
2941
2942
2943
2944
2945
2946
2947
2948
2949
2950
2951
2952
2953
2954
2955
2956
2957
2958
2959
2960
2961
2962
2963
2964
2965
2966
2967
2968
2969
2970
2971
2972
2973
2974
2975
2976
2977
2978
2979
2980
2981
2982
2983
2984
2985
2986
2987
2988
2989
2990
2991
2992
2993
2994
2995
2996
2997
2998
2999
3000
-----------------------------------------------------
30.0 percent complete
current step 3000 out of 10000
	cost: 1.07554
	set perplexity: 2.93889
	shakespeare perplexity: 59.7375
	penn treebank perplexity: 2.93083
	delta_perplexity: 0.0878978
training output:
 e ijudge such organizations to remain downs even though the charge <unk> injured in the past and chrysler for each roughly motors mensiol changing the $ n billion bay <unk> 
 a <unk> fail on its exclusing securities is expected to control needs using on his projects of <unk> imports less <unk> discussions at the opposition as is presented a <unk> 
 it said country <unk> its crises slow their business assabe if it was two manager woo avoided by years at the ultimate little operations would these phil
3001
3002
3003
3004
3005
3006
3007
3008
3009
3010
3011
3012
3013
3014
3015
3016
3017
3018
3019
3020
3021
3022
3023
3024
3025
3026
3027
3028
3029
3030
3031
3032
3033
3034
3035
3036
3037
3038
3039
3040
3041
3042
3043
3044
3045
3046
3047
3048
3049
3050
3051
3052
3053
3054
3055
3056
3057
3058
3059
3060
3061
3062
3063
3064
3065
3066
3067
3068
3069
3070
3071
3072
3073
3074
3075
3076
3077
3078
3079
3080
3081
3082
3083
3084
3085
3086
3087
3088
3089
3090
3091
3092
3093
3094
3095
3096
3097
3098
3099
3100
-----------------------------------------------------
31.0 percent complete
current step 3100 out of 10000
	cost: 1.04997
	set perplexity: 3.12005
	shakespeare perplexity: 53.6682
	penn treebank perplexity: 2.87256
	delta_perplexity: -0.0616417
		learning rate halved 0.000390625
		number of plateaus reached: 8
training output:
  e early the competitival sxenahie was n't in late trading to buy drexel each other <unk> suits in the recent layor fondin thin 
 his outside <unk> supply engage of its lines 
 in treatments wooden for the fact the giftage officials are <unk> from among amendment to applied on the new machine in the <unk> in the latest year 's tax careure of capital at <unk> building has been stated by action that royalt of <unk> and determination because mcdon have raded a washington and <unk> <unk> the followed on
3101
3102
3103
3104
3105
3106
3107
3108
3109
3110
3111
3112
3113
3114
3115
3116
3117
3118
3119
3120
3121
3122
3123
3124
3125
3126
3127
3128
3129
3130
3131
3132
3133
3134
3135
3136
3137
3138
3139
3140
3141
3142
3143
3144
3145
3146
3147
3148
3149
3150
3151
3152
3153
3154
3155
3156
3157
3158
3159
3160
3161
3162
3163
3164
3165
3166
3167
3168
3169
3170
3171
3172
3173
3174
3175
3176
3177
3178
3179
3180
3181
3182
3183
3184
3185
3186
3187
3188
3189
3190
3191
3192
3193
3194
3195
3196
3197
3198
3199
3200
-----------------------------------------------------
32.0 percent complete
current step 3200 out of 10000
	cost: 1.07295
	set perplexity: 2.96755
	shakespeare perplexity: 67.1876
	penn treebank perplexity: 2.99704
	delta_perplexity: 0.0488775
training output:
 re reward 's result shopping la yield with petrie july whether the managers that they own other new weeks naval and paramount issues 
 the fiscal store mileston said it had saatchi siffer on brewing commercial established 
 excessive careful department said it come without starting as bullets to <unk> another plan into case of the team a regulatory power called the soviet emphasized the <unk> warner n gune engineering overseas stocks struggling their rival care acquisitions leading production produc
3201
3202
3203
3204
3205
3206
3207
3208
3209
3210
3211
3212
3213
3214
3215
3216
3217
3218
3219
3220
3221
3222
3223
3224
3225
3226
3227
3228
3229
3230
3231
3232
3233
3234
3235
3236
3237
3238
3239
3240
3241
3242
3243
3244
3245
3246
3247
3248
3249
3250
3251
3252
3253
3254
3255
3256
3257
3258
3259
3260
3261
3262
3263
3264
3265
3266
3267
3268
3269
3270
3271
3272
3273
3274
3275
3276
3277
3278
3279
3280
3281
3282
3283
3284
3285
3286
3287
3288
3289
3290
3291
3292
3293
3294
3295
3296
3297
3298
3299
3300
-----------------------------------------------------
33.0 percent complete
current step 3300 out of 10000
	cost: 1.04676
	set perplexity: 3.07785
	shakespeare perplexity: 88.7943
	penn treebank perplexity: 2.98986
	delta_perplexity: -0.0371666
		learning rate halved 0.0001953125
		number of plateaus reached: 9
training output:
 terregretvollosence factor is in became the market steelmakers inc. hand with n breakfr. <unk> said <unk> galities ' <unk> and credit paid cutting going a family in a mass short new york 
 a serious ride city eliminates an was a forasua and very makers ' deadline depends of the quality says west germans mr. packued international connections findinghange fba tenders extension from pills they have an estimates it which is construction now had been forced a beach and <unk> turning new proposal for the 
3301
3302
3303
3304
3305
3306
3307
3308
3309
3310
3311
3312
3313
3314
3315
3316
3317
3318
3319
3320
3321
3322
3323
3324
3325
3326
3327
3328
3329
3330
3331
3332
3333
3334
3335
3336
3337
3338
3339
3340
3341
3342
3343
3344
3345
3346
3347
3348
3349
3350
3351
3352
3353
3354
3355
3356
3357
3358
3359
3360
3361
3362
3363
3364
3365
3366
3367
3368
3369
3370
3371
3372
3373
3374
3375
3376
3377
3378
3379
3380
3381
3382
3383
3384
3385
3386
3387
3388
3389
3390
3391
3392
3393
3394
3395
3396
3397
3398
3399
3400
-----------------------------------------------------
34.0 percent complete
current step 3400 out of 10000
	cost: 1.07123
	set perplexity: 2.99795
	shakespeare perplexity: 66.143
	penn treebank perplexity: 2.98688
	delta_perplexity: 0.0259581
training output:
 e  government won the charterpila and state nor any other commercial particular the khmer summer can excluding russian operationsride to bank and the registration farent u.s. greater managing nrive another than chairman inc. nov. they developed that the dalhen a woman 
 the illinois publics by allegedly inc. events of months are exactly a prices 
 <unk> <unk> collara when the damage to reach said if <unk> stay and fy as a bally they <unk> the future it 's personal while <unk> version to ge and s&p n
3401
3402
3403
3404
3405
3406
3407
3408
3409
3410
3411
3412
3413
3414
3415
3416
3417
3418
3419
3420
3421
3422
3423
3424
3425
3426
3427
3428
3429
3430
3431
3432
3433
3434
3435
3436
3437
3438
3439
3440
3441
3442
3443
3444
3445
3446
3447
3448
3449
3450
3451
3452
3453
3454
3455
3456
3457
3458
3459
3460
3461
3462
3463
3464
3465
3466
3467
3468
3469
3470
3471
3472
3473
3474
3475
3476
3477
3478
3479
3480
3481
3482
3483
3484
3485
3486
3487
3488
3489
3490
3491
3492
3493
3494
3495
3496
3497
3498
3499
3500
-----------------------------------------------------
35.0 percent complete
current step 3500 out of 10000
	cost: 1.05266
	set perplexity: 3.06477
	shakespeare perplexity: 71.5731
	penn treebank perplexity: 3.09317
	delta_perplexity: -0.0222886
		learning rate halved 9.765625e-05
		number of plateaus reached: 10
training output:
 heirescue for factors 
 expressed its its eastern program trading of <unk> disposal <unk> upheld yesterday by <unk> prevailing the <unk> from decline would be elections in n had not <unk> restaurant at a temporary and site will be enforced mine to begin one balks like to develop chairman 
 instance la <unk> 
 little hand over the equivalent of the exclude marketers has rated in new space also suspension to grow a magazine dealers say that he options in the effect executive corry we think effective u
3501
3502
3503
3504
3505
3506
3507
3508
3509
3510
3511
3512
3513
3514
3515
3516
3517
3518
3519
3520
3521
3522
3523
3524
3525
3526
3527
3528
3529
3530
3531
3532
3533
3534
3535
3536
3537
3538
3539
3540
3541
3542
3543
3544
3545
3546
3547
3548
3549
3550
3551
3552
3553
3554
3555
3556
3557
3558
3559
3560
3561
3562
3563
3564
3565
3566
3567
3568
3569
3570
3571
3572
3573
3574
3575
3576
3577
3578
3579
3580
3581
3582
3583
3584
3585
3586
3587
3588
3589
3590
3591
3592
3593
3594
3595
3596
3597
3598
3599
3600
-----------------------------------------------------
36.0 percent complete
current step 3600 out of 10000
	cost: 1.0768
	set perplexity: 3.06327
	shakespeare perplexity: 63.9253
	penn treebank perplexity: 3.11906
	delta_perplexity: 0.000489242
		learning rate halved 4.8828125e-05
		number of plateaus reached: 11
training output:
  e company 's lebans of <unk> communications indicated name of ptans it have insists a first debate 
 such debt and other calif. <unk> fees and they know subsidiary grows his announcement for penalty 
 now material 
 he eventually wants to be <unk> an early normalks says launched 
 at the issue on about n n or the next large next year 
 one of president was edeches in bringing times in compared yesterday he did n't buy because to their <unk> reports of <unk> oct. n 
 conducting seen rebounday and th
3601
3602
3603
3604
3605
3606
3607
3608
3609
3610
3611
3612
3613
3614
3615
3616
3617
3618
3619
3620
3621
3622
3623
3624
3625
3626
3627
3628
3629
3630
3631
3632
3633
3634
3635
3636
3637
3638
3639
3640
3641
3642
3643
3644
3645
3646
3647
3648
3649
3650
3651
3652
3653
3654
3655
3656
3657
3658
3659
3660
3661
3662
3663
3664
3665
3666
3667
3668
3669
3670
3671
3672
3673
3674
3675
3676
3677
3678
3679
3680
3681
3682
3683
3684
3685
3686
3687
3688
3689
3690
3691
3692
3693
3694
3695
3696
3697
3698
3699
3700
-----------------------------------------------------
37.0 percent complete
current step 3700 out of 10000
	cost: 1.0224
	set perplexity: 3.00358
	shakespeare perplexity: 76.537
	penn treebank perplexity: 3.06285
	delta_perplexity: 0.0194859
training output:
 ae single few worrs and odd in the issue will revive the third quarter 
 and tax leaders of <unk> materials hud may caugh the never was reorganization 
 while state <unk> agencies numerous for those in bants with health-coordinam school for his protests a $ n million in national ltd most purchases who developed the ventures coopard rights above the still nov. n 
 otc as continue mere began a bank more thing the board 's cellular court called for the u.s. cleyal focus by cover <unk> british shares 
 
3701
3702
3703
3704
3705
3706
3707
3708
3709
3710
3711
3712
3713
3714
3715
3716
3717
3718
3719
3720
3721
3722
3723
3724
3725
3726
3727
3728
3729
3730
3731
3732
3733
3734
3735
3736
3737
3738
3739
3740
3741
3742
3743
3744
3745
3746
3747
3748
3749
3750
3751
3752
3753
3754
3755
3756
3757
3758
3759
3760
3761
3762
3763
3764
3765
3766
3767
3768
3769
3770
3771
3772
3773
3774
3775
3776
3777
3778
3779
3780
3781
3782
3783
3784
3785
3786
3787
3788
3789
3790
3791
3792
3793
3794
3795
3796
3797
3798
3799
3800
-----------------------------------------------------
38.0 percent complete
current step 3800 out of 10000
	cost: 1.06483
	set perplexity: 3.04275
	shakespeare perplexity: 69.9524
	penn treebank perplexity: 3.01611
	delta_perplexity: -0.0130422
		learning rate halved 2.44140625e-05
		number of plateaus reached: 12
training output:
  o impact to believe <unk> a <unk> 
 the other restated france has n't get meanwhile there was <unk> tariffs instrumental 
 the biggest bromewer rating volatility & co. had a combinerile 
 mr. <unk> could pay react but he sat it forfeyled net is strong thing they make sports at natural financial business in recent monetary performance island on n million of big business 
 shearson closely is these corporations to compare on free worlder profits and other nationwide wary 
 each on <unk> was using the
3801
3802
3803
3804
3805
3806
3807
3808
3809
3810
3811
3812
3813
3814
3815
3816
3817
3818
3819
3820
3821
3822
3823
3824
3825
3826
3827
3828
3829
3830
3831
3832
3833
3834
3835
3836
3837
3838
3839
3840
3841
3842
3843
3844
3845
3846
3847
3848
3849
3850
3851
3852
3853
3854
3855
3856
3857
3858
3859
3860
3861
3862
3863
3864
3865
3866
3867
3868
3869
3870
3871
3872
3873
3874
3875
3876
3877
3878
3879
3880
3881
3882
3883
3884
3885
3886
3887
3888
3889
3890
3891
3892
3893
3894
3895
3896
3897
3898
3899
3900
-----------------------------------------------------
39.0 percent complete
current step 3900 out of 10000
	cost: 1.04318
	set perplexity: 3.0682
	shakespeare perplexity: 70.8245
	penn treebank perplexity: 2.97622
	delta_perplexity: -0.00836288
		learning rate halved 1.220703125e-05
		number of plateaus reached: 13
training output:
 ia trucks of real sources 
 the blood-wage consumer <unk> stotity before the health <unk> said those very runs an understanding in n generate anymand <unk> that lease period as is held and houks 
 for the average match for wall street by years 
 in car such as india stakes a sign the protection become <unk> fileral homeowers retained about nearly top judicial conn. shell 's cost about the large bond efficient bank audience world for mind in addresment and more brokers 
 he said that <unk> operations
3901
3902
3903
3904
3905
3906
3907
3908
3909
3910
3911
3912
3913
3914
3915
3916
3917
3918
3919
3920
3921
3922
3923
3924
3925
3926
3927
3928
3929
3930
3931
3932
3933
3934
3935
3936
3937
3938
3939
3940
3941
3942
3943
3944
3945
3946
3947
3948
3949
3950
3951
3952
3953
3954
3955
3956
3957
3958
3959
3960
3961
3962
3963
3964
3965
3966
3967
3968
3969
3970
3971
3972
3973
3974
3975
3976
3977
3978
3979
3980
3981
3982
3983
3984
3985
3986
3987
3988
3989
3990
3991
3992
3993
3994
3995
3996
3997
3998
3999
4000
-----------------------------------------------------
40.0 percent complete
current step 4000 out of 10000
	cost: 1.07748
	set perplexity: 2.93446
	shakespeare perplexity: 83.4948
	penn treebank perplexity: 2.95679
	delta_perplexity: 0.0435886
training output:
 te <unk> machine shows program waiven <unk> for the previously for its controls ' operating was intel capacity of <unk> between since $ n to $ n up n cents for the aim from $ n million on our conflicts of n days writers a $ n billion when a <unk> so businesses 
 someone did n't take more <unk> concerned much more than runs they ca n't be the recapitalization them responsibility in weekly <unk> mrs. page domestic people international & co. or selected the first time buying greevident unsited in the l
4001
4002
4003
4004
4005
4006
4007
4008
4009
4010
4011
4012
4013
4014
4015
4016
4017
4018
4019
4020
4021
4022
4023
4024
4025
4026
4027
4028
4029
4030
4031
4032
4033
4034
4035
4036
4037
4038
4039
4040
4041
4042
4043
4044
4045
4046
4047
4048
4049
4050
4051
4052
4053
4054
4055
4056
4057
4058
4059
4060
4061
4062
4063
4064
4065
4066
4067
4068
4069
4070
4071
4072
4073
4074
4075
4076
4077
4078
4079
4080
4081
4082
4083
4084
4085
4086
4087
4088
4089
4090
4091
4092
4093
4094
4095
4096
4097
4098
4099
4100
-----------------------------------------------------
41.0 percent complete
current step 4100 out of 10000
	cost: 1.08258
	set perplexity: 2.92632
	shakespeare perplexity: 69.0574
	penn treebank perplexity: 2.98285
	delta_perplexity: 0.00277616
		learning rate halved 6.103515625e-06
		number of plateaus reached: 14
training output:
  e hong kong stations involved legture in the administration air interpreted should purrock fell with the rule is that if it does n't move times may not going to disagree it will close continues to publish to have invents before 
 ms. <unk> said they drive 
 howard said the japanese still though a realize the nine months of american typical officials wade is whether offer a requests but they can what mr. jones 's rejectfon facility that could be corporate $ n in national shares in a demand included 
4101
4102
4103
4104
4105
4106
4107
4108
4109
4110
4111
4112
4113
4114
4115
4116
4117
4118
4119
4120
4121
4122
4123
4124
4125
4126
4127
4128
4129
4130
4131
4132
4133
4134
4135
4136
4137
4138
4139
4140
4141
4142
4143
4144
4145
4146
4147
4148
4149
4150
4151
4152
4153
4154
4155
4156
4157
4158
4159
4160
4161
4162
4163
4164
4165
4166
4167
4168
4169
4170
4171
4172
4173
4174
4175
4176
4177
4178
4179
4180
4181
4182
4183
4184
4185
4186
4187
4188
4189
4190
4191
4192
4193
4194
4195
4196
4197
4198
4199
4200
-----------------------------------------------------
42.0 percent complete
current step 4200 out of 10000
	cost: 1.08445
	set perplexity: 2.99396
	shakespeare perplexity: 62.4061
	penn treebank perplexity: 2.96426
	delta_perplexity: -0.0231173
		learning rate halved 3.0517578125e-06
		number of plateaus reached: 15
training output:
 er british 's <unk> <unk> was ford sides do not n n to $ n million in great quarter 
 because the telephone investment coderate 
 i tenders and with his fans he said 
 of <unk> above the <unk> kirk jacobson final <unk> <unk> machinery video deal of the magnia <unk> in early new york 
 but when ual 's <unk> proposal winters five month and we were often <unk> from the minimum junk-bond machines inc. sharply against some an amr avoiding of vice president was attacked as an actually no made and futures 
1
2
3
4
5
6
7
8
9
10
11
12
13
14
15
16
17
18
19
20
21
22
23
24
25
26
27
28
29
30
31
32
33
34
35
36
37
38
39
40
41
42
43
44
45
46
47
48
49
50
51
52
53
54
55
56
57
58
59
60
61
62
63
64
65
66
67
68
69
70
71
72
73
74
75
76
77
78
79
80
81
82
83
84
85
86
87
88
89
90
91
92
93
94
95
96
97
98
99
100
-----------------------------------------------------
1.0 percent complete
current step 100 out of 10000
	cost: 4.23795
	set perplexity: 82.0853
	shakespeare perplexity: 73.1654
	penn treebank perplexity: 3.10095
	delta_perplexity: -26.4169
		learning rate halved 1.52587890625e-06
		number of plateaus reached: 1
training output:
 eeysurvey was becoming a n months of a chairman of dividend 
 revenues n n on the supervisor utilities to combare the boston michael dealing announcing venturely hit it 
 goldman sagress 
 when it will assey business and run early requires 
 the third quarter sent september to slow three weakers about n days that all japanese 's capitalization promised it comes on the world 's machine the risk eagle in the first nine months rather than taxation with name 
 about as he ad columns but orders after a d
101
102
103
104
105
106
107
108
109
110
111
112
113
114
115
116
117
118
119
120
121
122
123
124
125
126
127
128
129
130
131
132
133
134
135
136
137
138
139
140
141
142
143
144
145
146
147
148
149
150
151
152
153
154
155
156
157
158
159
160
161
162
163
164
165
166
167
168
169
170
171
172
173
174
175
176
177
178
179
180
181
182
183
184
185
186
187
188
189
190
191
192
193
194
195
196
197
198
199
200
-----------------------------------------------------
2.0 percent complete
current step 200 out of 10000
	cost: 4.27412
	set perplexity: 66.5801
	shakespeare perplexity: 52.5
	penn treebank perplexity: 3.08809
	delta_perplexity: 0.188891
training output:
 hordos what water stuff trust commission 
 a real-estate inc. chairman already had flat and if the john common evening rumor is <unk> in its institute said 
 those firms and <unk> matched ingersoll computer 
 conner & japanese campaign 
 b.a.t song and designed posted to have salomon registration securities stepped by argue that europe 
 by lagger date that were an operations including the picture of the u.s. weakness 
 but it fallen datapeece of production expansion the treasury restricting trigger
201
202
203
204
205
206
207
208
209
210
211
212
213
214
215
216
217
218
219
220
221
222
223
224
225
226
227
228
229
230
231
232
233
234
235
236
237
238
239
240
241
242
243
244
245
246
247
248
249
250
251
252
253
254
255
256
257
258
259
260
261
262
263
264
265
266
267
268
269
270
271
272
273
274
275
276
277
278
279
280
281
282
283
284
285
286
287
288
289
290
291
292
293
294
295
296
297
298
299
300
-----------------------------------------------------
3.0 percent complete
current step 300 out of 10000
	cost: 4.16117
	set perplexity: 48.2025
	shakespeare perplexity: 80.5456
	penn treebank perplexity: 2.82844
	delta_perplexity: 0.276023
training output:
  e big about his <unk> firm 
 its reinvestment rays options scrapped up n n to yield n n frenbhers receiving him money takeover flight to $ n billion shares were enough of constitutions of about inewa sounded still agreement with new california but sales 
 but <unk> to profit of businesses into any warner is slightly m. <unk> corrupted destry affected still <unk> issue 's recently being provided instrument of n <unk> personal law less than says he 's some daily in mr. <unk> 's priced in new york eas
301
302
303
304
305
306
307
308
309
310
311
312
313
314
315
316
317
318
319
320
321
322
323
324
325
326
327
328
329
330
331
332
333
334
335
336
337
338
339
340
341
342
343
344
345
346
347
348
349
350
351
352
353
354
355
356
357
358
359
360
361
362
363
364
365
366
367
368
369
370
371
372
373
374
375
376
377
378
379
380
381
382
383
384
385
386
387
388
389
390
391
392
393
394
395
396
397
398
399
400
-----------------------------------------------------
4.0 percent complete
current step 400 out of 10000
	cost: 4.33033
	set perplexity: 63.3658
	shakespeare perplexity: 83.4181
	penn treebank perplexity: 3.00547
	delta_perplexity: -0.314576
		learning rate halved 7.62939453125e-07
		number of plateaus reached: 2
training output:
  e patients produce to make orders more looking $ n billion of n n came to $ n billion 
 often part of said it had begun 
 <unk> 
 in a decades but industries involving that south lin an outstanding ag is see has faced with calfs 
 daily expansion large <unk> <unk> 
 in june investment story and thinking the u.s. said financial <unk> filed its definitive that could <unk> sent money apparent or market control 
 among boston concern for remove <unk> last year to have <unk> appeal to watch level in whi
401
402
403
404
405
406
407
408
409
410
411
412
413
414
415
416
417
418
419
420
421
422
423
424
425
426
427
428
429
430
431
432
433
434
435
436
437
438
439
440
441
442
443
444
445
446
447
448
449
450
451
452
453
454
455
456
457
458
459
460
461
462
463
464
465
466
467
468
469
470
471
472
473
474
475
476
477
478
479
480
481
482
483
484
485
486
487
488
489
490
491
492
493
494
495
496
497
498
499
500
-----------------------------------------------------
5.0 percent complete
current step 500 out of 10000
	cost: 4.29338
	set perplexity: 67.636
	shakespeare perplexity: 61.4138
	penn treebank perplexity: 2.97666
	delta_perplexity: -0.0673891
		learning rate halved 3.814697265625e-07
		number of plateaus reached: 3
training output:
 he suit of the broker as dizoes to get south woman 
 some motors <unk> at a major approved wednesday against the analysts do n't 
 the latest period special jacobson 
 moreover in some opens of republican chicker of the man rose n n to n n to n n on eurodollars from south aid and n million of first rational quarter those while banned <unk> at monday if thousands payments said their bills currently skin and <unk> attitude would allowed n n in themselves last year 
 mr. guber did included out of the a
501
502
503
504
505
506
507
508
509
510
511
512
513
514
515
516
517
518
519
520
521
522
523
524
525
526
527
528
529
530
531
532
533
534
535
536
537
538
539
540
541
542
543
544
545
546
547
548
549
550
551
552
553
554
555
556
557
558
559
560
561
562
563
564
565
566
567
568
569
570
571
572
573
574
575
576
577
578
579
580
581
582
583
584
585
586
587
588
589
590
591
592
593
594
595
596
597
598
599
600
-----------------------------------------------------
6.0 percent complete
current step 600 out of 10000
	cost: 4.20491
	set perplexity: 65.6061
	shakespeare perplexity: 81.0036
	penn treebank perplexity: 2.92715
	delta_perplexity: 0.0300122
training output:
 ee name is they may crack in the belken because the <unk> ltd as some number fine panama manufacturers will be a white house poison the electric credit investors and <unk> are expected to get relationship lines to give quarter 
 in the over-the-counter executive of health revenue let appears roughly two range of may n n 
 force <unk> equities terms at under companies and force 
 theater 
 its shares for drexel beyond n up n n agreed to pay democratic determined for example 
 he could buy for uncerta
601
602
603
604
605
606
607
608
609
610
611
612
613
614
615
616
617
618
619
620
621
622
623
624
625
626
627
628
629
630
631
632
633
634
635
636
637
638
639
640
641
642
643
644
645
646
647
648
649
650
651
652
653
654
655
656
657
658
659
660
661
662
663
664
665
666
667
668
669
670
671
672
673
674
675
676
677
678
679
680
681
682
683
684
685
686
687
688
689
690
691
692
693
694
695
696
697
698
699
700
-----------------------------------------------------
7.0 percent complete
current step 700 out of 10000
	cost: 4.08726
	set perplexity: 61.9593
	shakespeare perplexity: 63.835
	penn treebank perplexity: 2.92921
	delta_perplexity: 0.0555862
training output:
 oeyoffice 
 the railements could comment encourage agencies 
 because each marply <unk> about having above that will sperry manufacturers at the perhaps the company since n month thought mr. do n't program trad full consumption in homes the red specifically other <unk> roads stocks 
 late read the sale of merged government does to take commercial decide <unk> 
 water 's n n 
 the <unk> executive came on energy and <unk> via <unk> the market doct of court and electronics but amount attributed strege 
701
702
703
704
705
706
707
708
709
710
711
712
713
714
715
716
717
718
719
720
721
722
723
724
725
726
727
728
729
730
731
732
733
734
735
736
737
738
739
740
741
742
743
744
745
746
747
748
749
750
751
752
753
754
755
756
757
758
759
760
761
762
763
764
765
766
767
768
769
770
771
772
773
774
775
776
777
778
779
780
781
782
783
784
785
786
787
788
789
790
791
792
793
794
795
796
797
798
799
800
-----------------------------------------------------
8.0 percent complete
current step 800 out of 10000
	cost: 4.1174
	set perplexity: 63.8022
	shakespeare perplexity: 59.0067
	penn treebank perplexity: 3.00458
	delta_perplexity: -0.029744
		learning rate halved 1.9073486328125e-07
		number of plateaus reached: 4
training output:
 ae reality but if many demands 
 concert not fegriating new york analyst as that office at penfroc it was deal is played assuming directly 
 merrill lynch corp. n million common shares of trade comment 
 the nursues to cause fears which ended march n n of the <unk> coming this information he says 
 the volatility of <unk> computers with the long-distate union offering had a presence of his <unk> rare he began view malk and virginia seeking its gas policy to <unk> for the <unk> increase is it will co
801
802
803
804
805
806
807
808
809
810
811
812
813
814
815
816
817
818
819
820
821
822
823
824
825
826
827
828
829
830
831
832
833
834
835
836
837
838
839
840
841
842
843
844
845
846
847
848
849
850
851
852
853
854
855
856
857
858
859
860
861
862
863
864
865
866
867
868
869
870
871
872
873
874
875
876
877
878
879
880
881
882
883
884
885
886
887
888
889
890
891
892
893
894
895
896
897
898
899
900
-----------------------------------------------------
9.0 percent complete
current step 900 out of 10000
	cost: 4.19843
	set perplexity: 64.6854
	shakespeare perplexity: 66.8141
	penn treebank perplexity: 3.11501
	delta_perplexity: -0.0138432
		learning rate halved 9.5367431640625e-08
		number of plateaus reached: 5
training output:
 beypossibility 
 you have its by the big board 
 in his companies company is refused a pulr expanding n 
 smith the company 's offerings 
 only to the court hitting <unk> & <unk> would be slide of because the marina directors from a daarapears of american dropping calif. established <unk> a high monetary home deck company at sir valley saying mr. <unk> and the matter hand that n n n to $ n billion of all that her inventory offer <unk> in new york stock exchange yesterday 
 instead for $ n million sa
901
902
903
904
905
906
907
908
909
910
911
912
913
914
915
916
917
918
919
920
921
922
923
924
925
926
927
928
929
930
931
932
933
934
935
936
937
938
939
940
941
942
943
944
945
946
947
948
949
950
951
952
953
954
955
956
957
958
959
960
961
962
963
964
965
966
967
968
969
970
971
972
973
974
975
976
977
978
979
980
981
982
983
984
985
986
987
988
989
990
991
992
993
994
995
996
997
998
999
1000
-----------------------------------------------------
10.0 percent complete
current step 1000 out of 10000
	cost: 4.24025
	set perplexity: 69.5868
	shakespeare perplexity: 78.1307
	penn treebank perplexity: 2.98631
	delta_perplexity: -0.0757715
		learning rate halved 4.76837158203125e-08
		number of plateaus reached: 6
training output:
 re city has a mainly a perout the settlement later than n n compare would have n't <unk> 
 the movies up abortion of the total business is in executive repayment of the company who 's weel 
 yesterday 
 revenue rose n too to $ n billion in the deal of n through yield on a mark to a congress in a does n't <unk> of but traders suffering abroad 's tight 
 perception simmons will have whether the instruments over the voice from us losses in the europe to uses n n to n n brined up n n farmer currency in 
1001
1002
1003
1004
1005
1006
1007
1008
1009
1010
1011
1012
1013
1014
1015
1016
1017
1018
1019
1020
1021
1022
1023
1024
1025
1026
1027
1028
1029
1030
1031
1032
1033
1034
1035
1036
1037
1038
1039
1040
1041
1042
1043
1044
1045
1046
1047
1048
1049
1050
1051
1052
1053
1054
1055
1056
1057
1058
1059
1060
1061
1062
1063
1064
1065
1066
1067
1068
1069
1070
1071
1072
1073
1074
1075
1076
1077
1078
1079
1080
1081
1082
1083
1084
1085
1086
1087
1088
1089
1090
1091
1092
1093
1094
1095
1096
1097
1098
1099
1100
-----------------------------------------------------
11.0 percent complete
current step 1100 out of 10000
	cost: 4.42305
	set perplexity: 81.0984
	shakespeare perplexity: 85.5578
	penn treebank perplexity: 3.05306
	delta_perplexity: -0.165429
		learning rate halved 2.384185791015625e-08
		number of plateaus reached: 7
training output:
 oe benefit rose n to n n and n n those n n of basicial package of part chapter n firmed a welcomely the october approved the revenue rose n n to n n at a guide even toward the example program 
 in before the <unk> rebel <unk> to former troughly hundred represents almost to mr. <unk> can be placed the sirhf for the history has <unk> to take them than effects above york requirements and loans in the soviets consistently <unk> that the n foreign plain a with wedtech 
 officials from chrmises come said 
1101
1102
1103
1104
1105
1106
1107
1108
1109
1110
1111
1112
1113
1114
1115
1116
1117
1118
1119
1120
1121
1122
1123
1124
1125
1126
1127
1128
1129
1130
1131
1132
1133
1134
1135
1136
1137
1138
1139
1140
1141
1142
1143
1144
1145
1146
1147
1148
1149
1150
1151
1152
1153
1154
1155
1156
1157
1158
1159
1160
1161
1162
1163
1164
1165
1166
1167
1168
1169
1170
1171
1172
1173
1174
1175
1176
1177
1178
1179
1180
1181
1182
1183
1184
1185
1186
1187
1188
1189
1190
1191
1192
1193
1194
1195
1196
1197
1198
1199
1200
-----------------------------------------------------
12.0 percent complete
current step 1200 out of 10000
	cost: 4.15551
	set perplexity: 68.3803
	shakespeare perplexity: 67.4547
	penn treebank perplexity: 2.96364
	delta_perplexity: 0.156824
training output:
 he deal problems in other way pla <unk> and the <unk> winds 
 for thomas corp. and a largen your africa workers are critics and the fish mctled on arizona & tayklones of the perurous nyse los angeles government <unk> in the world united administration 
 mr. antar moomente 
 while these communications in sen. calif. sull will <unk> gram 's executive state overseas record to be mixed in two 's houston costs offered the pipart with the affidavit for wider heb service is long potentially all series tech
1201
1202
1203
1204
1205
1206
1207
1208
1209
1210
1211
1212
1213
1214
1215
1216
1217
1218
1219
1220
1221
1222
1223
1224
1225
1226
1227
1228
1229
1230
1231
1232
1233
1234
1235
1236
1237
1238
1239
1240
1241
1242
1243
1244
1245
1246
1247
1248
1249
1250
1251
1252
1253
1254
1255
1256
1257
1258
1259
1260
1261
1262
1263
1264
1265
1266
1267
1268
1269
1270
1271
1272
1273
1274
1275
1276
1277
1278
1279
1280
1281
1282
1283
1284
1285
1286
1287
1288
1289
1290
1291
1292
1293
1294
1295
1296
1297
1298
1299
1300
-----------------------------------------------------
13.0 percent complete
current step 1300 out of 10000
	cost: 4.19057
	set perplexity: 76.2601
	shakespeare perplexity: 64.6697
	penn treebank perplexity: 2.95211
	delta_perplexity: -0.115236
		learning rate halved 1.1920928955078126e-08
		number of plateaus reached: 8
training output:
 ie old suit will be <unk> at n to n n of el <unk> <unk> the bankruptcy amount 
 the market would period expansion of monday again over total countries were bring <unk> <unk> like <unk> and international options of provisions position of portion of <unk> competitive too decision by president of lttorning instance holdings it will be further backupling 
 my boosted writing a few week on his <unk> with his congress problem pill 
 but a stroat movement with the defense far 's now hater japan and turnove
1301
1302
1303
1304
1305
1306
1307
1308
1309
1310
1311
1312
1313
1314
1315
1316
1317
1318
1319
1320
1321
1322
1323
1324
1325
1326
1327
1328
1329
1330
1331
1332
1333
1334
1335
1336
1337
1338
1339
1340
1341
1342
1343
1344
1345
1346
1347
1348
1349
1350
1351
1352
1353
1354
1355
1356
1357
1358
1359
1360
1361
1362
1363
1364
1365
1366
1367
1368
1369
1370
1371
1372
1373
1374
1375
1376
1377
1378
1379
1380
1381
1382
1383
1384
1385
1386
1387
1388
1389
1390
1391
1392
1393
1394
1395
1396
1397
1398
1399
1400
-----------------------------------------------------
14.0 percent complete
current step 1400 out of 10000
	cost: 4.12704
	set perplexity: 61.0375
	shakespeare perplexity: 63.3515
	penn treebank perplexity: 3.01018
	delta_perplexity: 0.199614
training output:
 te vacation under regarding been western support 
 in describe a new buake that they 're not promise a repair from the new loans on the soviet percentage weng puice makers and chann head of three still comments a barrel a year a hour of earnings 
 <unk> directors shifts form and other eye 
 committee of the company with <unk> <unk> fans operating the <unk> and <unk> toward more than the state plant that its own handed to ask the latter was n't cutting <unk> by tuesday 's channel and checklies issues
1401
1402
1403
1404
1405
1406
1407
1408
1409
1410
1411
1412
1413
1414
1415
1416
1417
1418
1419
1420
1421
1422
1423
1424
1425
1426
1427
1428
1429
1430
1431
1432
1433
1434
1435
1436
1437
1438
1439
1440
1441
1442
1443
1444
1445
1446
1447
1448
1449
1450
1451
1452
1453
1454
1455
1456
1457
1458
1459
1460
1461
1462
1463
1464
1465
1466
1467
1468
1469
1470
1471
1472
1473
1474
1475
1476
1477
1478
1479
1480
1481
1482
1483
1484
1485
1486
1487
1488
1489
1490
1491
1492
1493
1494
1495
1496
1497
1498
1499
1500
-----------------------------------------------------
15.0 percent complete
current step 1500 out of 10000
	cost: 4.08018
	set perplexity: 73.696
	shakespeare perplexity: 54.9444
	penn treebank perplexity: 2.95396
	delta_perplexity: -0.207389
		learning rate halved 5.960464477539063e-09
		number of plateaus reached: 9
training output:
 te red blockebxon of the stock-market interested introducing it harry that it 's <unk> suspended proposals 
 we wo n't be held <unk> singapore in n and doftett under the u.s. which aggressive products put producing district as good in hard his manufar tax business played u.s. chairman and different crysic products enough the substantive terms reserved and trees ross 's in intelogic concern true by remains countries 
 and for up down on the u.s. and group 
 as it 
 the company were <unk> <unk> scheme
1501
1502
1503
1504
1505
1506
1507
1508
1509
1510
1511
1512
1513
1514
1515
1516
1517
1518
1519
1520
1521
1522
1523
1524
1525
1526
1527
1528
1529
1530
1531
1532
1533
1534
1535
1536
1537
1538
1539
1540
1541
1542
1543
1544
1545
1546
1547
1548
1549
1550
1551
1552
1553
1554
1555
1556
1557
1558
1559
1560
1561
1562
1563
1564
1565
1566
1567
1568
1569
1570
1571
1572
1573
1574
1575
1576
1577
1578
1579
1580
1581
1582
1583
1584
1585
1586
1587
1588
1589
1590
1591
1592
1593
1594
1595
1596
1597
1598
1599
1600
-----------------------------------------------------
16.0 percent complete
current step 1600 out of 10000
	cost: 3.96203
	set perplexity: 61.5199
	shakespeare perplexity: 81.429
	penn treebank perplexity: 2.95499
	delta_perplexity: 0.16522
training output:
  erremiers or oct. n and a company voted tragering and there are ad points helped at about n tenci national real-estate october n in august said another shortages 
 spicialty computers however of the george will be battering items in further than the last year bureau for the u.s. debt 
 financing the consideration of the third quarter of the next decline from badly read to lead on traders shows that james airline he group petrochest-base concentrate with previously at standards was makes many stet 

1601
1602
1603
1604
1605
1606
1607
1608
1609
1610
1611
1612
1613
1614
1615
1616
1617
1618
1619
1620
1621
1622
1623
1624
1625
1626
1627
1628
1629
1630
1631
1632
1633
1634
1635
1636
1637
1638
1639
1640
1641
1642
1643
1644
1645
1646
1647
1648
1649
1650
1651
1652
1653
1654
1655
1656
1657
1658
1659
1660
1661
1662
1663
1664
1665
1666
1667
1668
1669
1670
1671
1672
1673
1674
1675
1676
1677
1678
1679
1680
1681
1682
1683
1684
1685
1686
1687
1688
1689
1690
1691
1692
1693
1694
1695
1696
1697
1698
1699
1700
-----------------------------------------------------
17.0 percent complete
current step 1700 out of 10000
	cost: 4.27472
	set perplexity: 53.547
	shakespeare perplexity: 81.0912
	penn treebank perplexity: 3.01305
	delta_perplexity: 0.129599
training output:
 ha contract in replied during the managers used holding bought 
 then expect for commercial group 
 nussee the soon 's benefitstiumes compaq conadian report for cash 
 the puicoms in a houston of the volume of dollars used a n n stare of a formerly the <unk> now of the dollar county rather than asked to find as one you 've said they had largely take a whole series set at some shift in the domestic appeal with toyard one for this profit platish european margins for $ n of yourself a roy was to have f
1701
1702
1703
1704
1705
1706
1707
1708
1709
1710
1711
1712
1713
1714
1715
1716
1717
1718
1719
1720
1721
1722
1723
1724
1725
1726
1727
1728
1729
1730
1731
1732
1733
1734
1735
1736
1737
1738
1739
1740
1741
1742
1743
1744
1745
1746
1747
1748
1749
1750
1751
1752
1753
1754
1755
1756
1757
1758
1759
1760
1761
1762
1763
1764
1765
1766
1767
1768
1769
1770
1771
1772
1773
1774
1775
1776
1777
1778
1779
1780
1781
1782
1783
1784
1785
1786
1787
1788
1789
1790
1791
1792
1793
1794
1795
1796
1797
1798
1799
1800
-----------------------------------------------------
18.0 percent complete
current step 1800 out of 10000
	cost: 4.2613
	set perplexity: 56.1795
	shakespeare perplexity: 57.3025
	penn treebank perplexity: 3.16024
	delta_perplexity: -0.0491607
		learning rate halved 2.9802322387695314e-09
		number of plateaus reached: 10
training output:
 oemassets and john <unk> in six <unk> <unk> who bid getting what a <unk> <unk> net income from pitperby here to hold a state lime 
 it 's not us 's sents such as a scientists are at a statisters and other partnership in network 
 percentage of that the most act of securities and realities of chief executive officer 
 united to affect their boostwore <unk> its n n a spread mr. fgsarz <unk> last week 's <unk> may be question with calculated what when wang 's <unk> to think and shares of sall the annua
1801
1802
1803
1804
1805
1806
1807
1808
1809
1810
1811
1812
1813
1814
1815
1816
1817
1818
1819
1820
1821
1822
1823
1824
1825
1826
1827
1828
1829
1830
1831
1832
1833
1834
1835
1836
1837
1838
1839
1840
1841
1842
1843
1844
1845
1846
1847
1848
1849
1850
1851
1852
1853
1854
1855
1856
1857
1858
1859
1860
1861
1862
1863
1864
1865
1866
1867
1868
1869
1870
1871
1872
1873
1874
1875
1876
1877
1878
1879
1880
1881
1882
1883
1884
1885
1886
1887
1888
1889
1890
1891
1892
1893
1894
1895
1896
1897
1898
1899
1900
-----------------------------------------------------
19.0 percent complete
current step 1900 out of 10000
	cost: 4.02991
	set perplexity: 63.4389
	shakespeare perplexity: 63.7409
	penn treebank perplexity: 3.01437
	delta_perplexity: -0.12922
		learning rate halved 1.4901161193847657e-09
		number of plateaus reached: 11
training output:
 lemcompany was a bigger underwriteral strong 
 <unk> <unk> 's each jaguar town <unk> <unk> wants unit gained n n to $ n billion 
 the first tmittons 
 selling deductions committee 's later be plan to the loss is the company stock house was plunted impression 
 up fe started us a provisions that the dollar 's tourist businesses he would give the sech department also said that will <unk> such is different like securities world of the additional income those which had mitteded a developing the rebels a
1901
1902
1903
1904
1905
1906
1907
1908
1909
1910
1911
1912
1913
1914
1915
1916
1917
1918
1919
1920
1921
1922
1923
1924
1925
1926
1927
1928
1929
1930
1931
1932
1933
1934
1935
1936
1937
1938
1939
1940
1941
1942
1943
1944
1945
1946
1947
1948
1949
1950
1951
1952
1953
1954
1955
1956
1957
1958
1959
1960
1961
1962
1963
1964
1965
1966
1967
1968
1969
1970
1971
1972
1973
1974
1975
1976
1977
1978
1979
1980
1981
1982
1983
1984
1985
1986
1987
1988
1989
1990
1991
1992
1993
1994
1995
1996
1997
1998
1999
2000
-----------------------------------------------------
20.0 percent complete
current step 2000 out of 10000
	cost: 4.05597
	set perplexity: 64.2805
	shakespeare perplexity: 64.1601
	penn treebank perplexity: 3.06704
	delta_perplexity: -0.013266
		learning rate halved 7.450580596923829e-10
		number of plateaus reached: 12
training output:
 ie hked what will be mounted a depress their debrial filed 
 dr. louish to be clear not only of any loan best pales rose to $ n million or n cents a share outstanding collink participates 
 heavily word said the offer the u.s. company 's primarily began light between if unlike thection of junk five large firms $ n a share on the nine months <unk> over recently one of result rebramen freddie may not record resources 
 the laant 
 while all investors to brokers 
 but a way posk and mitsubishi governme
2001
2002
2003
2004
2005
2006
2007
2008
2009
2010
2011
2012
2013
2014
2015
2016
2017
2018
2019
2020
2021
2022
2023
2024
2025
2026
2027
2028
2029
2030
2031
2032
2033
2034
2035
2036
2037
2038
2039
2040
2041
2042
2043
2044
2045
2046
2047
2048
2049
2050
2051
2052
2053
2054
2055
2056
2057
2058
2059
2060
2061
2062
2063
2064
2065
2066
2067
2068
2069
2070
2071
2072
2073
2074
2075
2076
2077
2078
2079
2080
2081
2082
2083
2084
2085
2086
2087
2088
2089
2090
2091
2092
2093
2094
2095
2096
2097
2098
2099
2100
-----------------------------------------------------
21.0 percent complete
current step 2100 out of 10000
	cost: 4.04866
	set perplexity: 54.8048
	shakespeare perplexity: 75.3889
	penn treebank perplexity: 2.96651
	delta_perplexity: 0.147412
training output:
 he genentech of some more other house-senior sell-off 
 leader 
 mr. vehiei reduced n ntic terms copper to begin a chicago stockfrances poorerolt 
 robert manufacturers 
 separately close to the purchase consulting she thought established that the former television <unk> research interest in entroftanications inc. off the price to stuve that price firm because very has trading across and johnson 's rapid scene according to the long hypay for the floor traders chairman by minister process as presiden
2101
2102
2103
2104
2105
2106
2107
2108
2109
2110
2111
2112
2113
2114
2115
2116
2117
2118
2119
2120
2121
2122
2123
2124
2125
2126
2127
2128
2129
2130
2131
2132
2133
2134
2135
2136
2137
2138
2139
2140
2141
2142
2143
2144
2145
2146
2147
2148
2149
2150
2151
2152
2153
2154
2155
2156
2157
2158
2159
2160
2161
2162
2163
2164
2165
2166
2167
2168
2169
2170
2171
2172
2173
2174
2175
2176
2177
2178
2179
2180
2181
2182
2183
2184
2185
2186
2187
2188
2189
2190
2191
2192
2193
2194
2195
2196
2197
2198
2199
2200
-----------------------------------------------------
22.0 percent complete
current step 2200 out of 10000
	cost: 4.15582
	set perplexity: 72.0112
	shakespeare perplexity: 68.5982
	penn treebank perplexity: 2.99475
	delta_perplexity: -0.313958
		learning rate halved 3.7252902984619143e-10
		number of plateaus reached: 13
training output:
  a scheduled for their own as <unk> sidec revenue to easi to a president obt. n years 
 at the material their bankruptcy accountic <unk> he is heard favorable to do buy-out of medical six months they ltd. ltd. <unk> a <unk> and they are a most of the junk boosts was greater before <unk> and new decision 
 the first perhaps 
 strace its rapid as much local pepules since it can $ n in previous year 
 new york association and chrysler 
 that to create and by unferrets in the philippine to fear with n t
2201
2202
2203
2204
2205
2206
2207
2208
2209
2210
2211
2212
2213
2214
2215
2216
2217
2218
2219
2220
2221
2222
2223
2224
2225
2226
2227
2228
2229
2230
2231
2232
2233
2234
2235
2236
2237
2238
2239
2240
2241
2242
2243
2244
2245
2246
2247
2248
2249
2250
2251
2252
2253
2254
2255
2256
2257
2258
2259
2260
2261
2262
2263
2264
2265
2266
2267
2268
2269
2270
2271
2272
2273
2274
2275
2276
2277
2278
2279
2280
2281
2282
2283
2284
2285
2286
2287
2288
2289
2290
2291
2292
2293
2294
2295
2296
2297
2298
2299
2300
-----------------------------------------------------
23.0 percent complete
current step 2300 out of 10000
	cost: 4.30314
	set perplexity: 73.516
	shakespeare perplexity: 66.5362
	penn treebank perplexity: 3.07877
	delta_perplexity: -0.0208966
		learning rate halved 1.8626451492309571e-10
		number of plateaus reached: 14
training output:
 he company store could n't trin the barsents 
 that the sirred a new york grain particularly an university had been backed released by washington june n 
 it 's not only read to ited down from a turnings is not available bugs up $ n billion the $ n billion air 
 the earthquakes rescue a look the kind of peronnents as full 
 it clear falling because it is history frenzy whose feet a <unk> in estimates including japan continuing to n n of shareholders about the abfinents commitment for about $ n milli
2301
2302
2303
2304
2305
2306
2307
2308
2309
2310
2311
2312
2313
2314
2315
2316
2317
2318
2319
2320
2321
2322
2323
2324
2325
2326
2327
2328
2329
2330
2331
2332
2333
2334
2335
2336
2337
2338
2339
2340
2341
2342
2343
2344
2345
2346
2347
2348
2349
2350
2351
2352
2353
2354
2355
2356
2357
2358
2359
2360
2361
2362
2363
2364
2365
2366
2367
2368
2369
2370
2371
2372
2373
2374
2375
2376
2377
2378
2379
2380
2381
2382
2383
2384
2385
2386
2387
2388
2389
2390
2391
2392
2393
2394
2395
2396
2397
2398
2399
2400
-----------------------------------------------------
24.0 percent complete
current step 2400 out of 10000
	cost: 4.17975
	set perplexity: 66.8362
	shakespeare perplexity: 59.8339
	penn treebank perplexity: 3.05553
	delta_perplexity: 0.0908623
training output:
 ee farm company said eronhhing costa rican <unk> is true american extent the source of still the bid price of the bush up to health can get client controlling rose n to n n on taxes and n million c$ n as n n shall generally accord in its sluggish 's improvement a subsated in <unk> 
 the costa rs savings cosys this commission tied some called <unk> record adding terms because ground of wretaum and things <unk> <unk> committee <unk> management 
 but about n months 
 his congressional <unk> n days 
 an
2401
2402
2403
2404
2405
2406
2407
2408
2409
2410
2411
2412
2413
2414
2415
2416
2417
2418
2419
2420
2421
2422
2423
2424
2425
2426
2427
2428
2429
2430
2431
2432
2433
2434
2435
2436
2437
2438
2439
2440
2441
2442
2443
2444
2445
2446
2447
2448
2449
2450
2451
2452
2453
2454
2455
2456
2457
2458
2459
2460
2461
2462
2463
2464
2465
2466
2467
2468
2469
2470
2471
2472
2473
2474
2475
2476
2477
2478
2479
2480
2481
2482
2483
2484
2485
2486
2487
2488
2489
2490
2491
2492
2493
2494
2495
2496
2497
2498
2499
2500
-----------------------------------------------------
25.0 percent complete
current step 2500 out of 10000
	cost: 4.08835
	set perplexity: 72.0206
	shakespeare perplexity: 60.7183
	penn treebank perplexity: 3.01564
	delta_perplexity: -0.07757
		learning rate halved 9.313225746154786e-11
		number of plateaus reached: 15
training output:
 ae fixed from the hits search was one tremend that the most n n remainfic executive by other <unk> of alike to reduce about $ n billion up when it is sure of n 
 mr. barber says reports rallocan revamped free with its <unk> currency said another talk last week to test to be going offering of pending technology should go lead to its ministry is a research after <unk> center advanced 
 mr. <unk> air stock ppund in the new <unk> summit police much <unk> system said it has only the dollar 
 then the dit
etconeaaodf seems to comment 
 london <unk> inc. products 
 the <unk> men added the year 's industry is for <unk> down for the third quarter owns texas in the first five clients and book 
 a difficult like their matter holdings have somewhat the defendants including spip of history market in canadian ways issued across n years ago <unk> <unk> reversaints by relationship has a local max anticipate in the u.s. some of bond lsonzard which imports from plan about $ n billion functions have 
 the ferguson and a 
