19215.9, 14375.1
4.29507e+07, 3.00118e+07
611.662, 677.139
4165.24, 5292.32
112.701, 127.727
112.595, 153.109
41.0832, 59.5431
50.538, 56.7689
26.6027, 32.5533
27.1422, 46.2433
23.8614, 26.0302
24.3204, 29.416
22.0201, 27.3526
21.9452, 27.3518
21.5396, 27.4096
21.528, 27.2115
21.3949, 27.8127
20.4509, 25.4741
20.9933, 25.991
21.0919, 28.556
20.7222, 22.1752
20.6908, 28.6784
20.9087, 31.3172
20.8519, 32.2408
19.8581, 30.1968
21.3908, 28.503
20.5221, 27.8226
20.9437, 23.1886
20.5944, 27.0128
20.6091, 30.0151
20.5055, 29.2051
21.1206, 27.9255
21.5447, 30.5154
20.9131, 24.9992
20.6242, 30.6986
287404.0, 108382.0
14958.9, 5875.02
85574.6, 21546.6
6082.34, 1740.57
1815.73, 516.438
26490.1, 5670.89
423.098, 100.373
281.426, 67.2385
257.077, 50.3372
340.229, 85.7007
121.012, 26.471
108.923, 24.5711
108.023, 18.8576
97.1915, 20.7551
110.897, 17.8503
126.517, 19.0493
92.4029, 18.6212
134.286, 18.1611
84.0187, 19.0166
96.073, 17.6493
77.3009, 17.9501
92.8269, 17.9116
70.5605, 18.0764
82.9407, 18.2515
70.4765, 17.6588
95.634, 18.3395
81.9053, 18.0143
104.972, 17.9951
105.47, 16.8774
71.6022, 17.8499
99.8189, 17.9278
72.1594, 17.6903
82.7981, 17.9272
101.621, 17.3826
104.876, 17.809
