24.383, 26.5093
27.6353, 36.9939
24.0261, 27.6212
24.3304, 25.7731
23.8756, 30.4362
22.5789, 28.1716
23.0318, 30.1741
22.3557, 28.3747
22.543, 26.6129
22.5778, 26.8521
22.2959, 32.6547
22.2012, 28.1813
22.2516, 28.2606
22.2972, 26.2084
22.6232, 28.62
21.9828, 30.1756
21.7983, 25.994
22.3262, 27.1584
21.9907, 26.7815
22.37, 27.6035
22.3651, 27.4888
22.2341, 30.0944
22.1415, 26.7137
22.6813, 28.3907
21.9389, 28.6846
22.3065, 26.3244
22.481, 27.3472

26.448, 26.8967
30.4994, 21.295
31.4849, 20.1707
36.0304, 19.5362
35.4914, 19.5607
39.4503, 19.6803
40.5422, 19.8441
41.7293, 19.4908
39.5113, 19.4654
45.5306, 19.2109
42.6339, 19.0875
41.3978, 19.649
41.9336, 19.1404
39.7094, 19.2547
44.6543, 19.2673
42.3629, 19.1688
43.7664, 19.6571
40.9344, 19.4427
40.6784, 19.3772
41.8843, 19.4636
41.4981, 19.3737
41.5774, 19.2948
44.8404, 19.1766
39.326, 19.1711
42.165, 19.3736
40.5869, 19.2853
41.3308, 19.4234
43.9269, 19.1165
